                                                          Cloudy 17.00
                                                         www.nublado.org

                       **************************************17Jun01**************************************
                       *                                                                                 *
                       * title "My first Cloudy script"                                                  *
                       * table HM12 redshift 0                                                           *
                       * #<<  HM12 GALAXY model    1 read.         z =          0.00                 >>> *
                       * #<< FINAL:       z =          0.00                                          >>> *
                       * cmb redshift 0                                                                  *
                       * hden 0.1                                                                        *
                       * elements limit off 0                                                            *
                       * iterate to convergence                                                          *
                       * print last iteration                                                            *
                       * save overview "h_hm.ovr" last                                                   *
                       * save continuum "h_hm.con" units microns                                         *
                       *                                                                                 *
                       ***********************************************************************************



 NOTE Setcon: continuum has zero intensity starting at  3.7489e+06 Ryd.
    22 cells in the incident continuum have zero intensity.  Problems???

           8228CellPeak1.00E+00   Lo 3.04e-09=  29.98m   Hi-Con:7.13E+06 Ryd   E(hi):7.35E+06Ryd     E(hi):     100.00 MeV
           I(nu>1ryd):  -5.4243   Average nu:1.734E+01   I( X-ray):  -5.5671   I(BalC):  -4.4862     Phi(BalmrC):   6.6105
           phi(1.0-1.8): 3.7758   phi(1.8-4.0):  3.390   phi(4.0-20):  3.052   phi(20--):  2.610     Ion pht flx:9.957E+03
           I(gam ray):  -6.2619   phi(gam r):   0.2549   I(Infred):  -1.8951   Alf(ox):  -1.8272     Total inten:  -1.8939
           U(1.0----):2.638E-07   U(4.0----):4.062E-08   T(En-Den):2.739E+00   T(Comp):1.956E+04     nuJnu(912A):3.275E-07
           Occ(FarIR):5.668E+03   Occ(H n=6):4.692E-15   Occ(1Ryd):1.515E-23   Occ(4R):2.021E-26     Occ (Nu-hi):0.000E+00
           Tbr(FarIR):2.725E+00   Tbr(H n=6):2.055E-11   Tbr(1Ryd):2.392E-18   Tbr(4R):1.278E-20     Tbr (Nu-hi):0.000E+00
  
                                                  Gas Phase Chemical Composition
                                                            H :  0.0000
 
 ####  1  Te:8.413E+03 Hden:1.259E+00 Ne:2.209E-01 R:1.000E+30 R-R0:2.278E+13 dR:4.555E+13 NTR: 15 Htot:1.481E-25 T912: 3.00e-04###
 Hydrogen      8.24e-01 1.75e-01 H+o/Hden 1.00e+00 4.43e-08 H-    H2 7.43e-06 1.14e-08 H2+ HeH+ 0.00e+00 Ho+ ColD 4.73e+13 1.01e+13
 Pressure      NgasTgas 1.24e+04 P(total) 1.72e-12 P( gas ) 1.72e-12 P(Radtn) 0.00e+00 Rad accl 2.89e-10 ForceMul 9.73e+03
 Texc(La)      2.45e+03 T(I con) 2.74e+00 T(D con) 1.59e-02 T(U tot) 2.74e+00 nT (c+d) 6.66e+05 Prad/Gas 0.00e+00 Pmag/Gas 0.00e+00
 Lithium       0.00e+00 0.00e+00 0.00e+00 0.00e+00 Berylliu 0.00e+00 0.00e+00 0.00e+00 0.00e+00 0.00e+00 sec ion: 4.03e-18
 Carbon        0.00e+00 0.00e+00 0.00e+00 0.00e+00 0.00e+00 0.00e+00 0.00e+00 H2O+/O   0.00e+00 OH+/Otot 0.00e+00 Hex(tot) 0.00e+00
 Nitrogen      0.00e+00 0.00e+00 0.00e+00 0.00e+00 0.00e+00 0.00e+00 0.00e+00 0.00e+00 O2/Ototl 0.00e+00 O2+/Otot 0.00e+00
 #### 43  Te:2.550E+03 Hden:1.259E+00 Ne:4.456E-02 R:1.000E+30 R-R0:1.037E+18 dR:3.748E+16 NTR: 46 Htot:3.483E-26 T912: 7.57e+00###
 Hydrogen      9.64e-01 3.54e-02 H+o/Hden 9.99e-01 1.20e-08 H-    H2 4.45e-04 3.14e-09 H2+ HeH+ 0.00e+00 Ho+ ColD 1.19e+18 1.36e+17
 Pressure      NgasTgas 3.32e+03 P(total) 4.59e-13 P( gas ) 4.59e-13 P(Radtn) 7.40e-19 Rad accl 1.14e-12 ForceMul 1.28e+02
 Texc(La)      2.59e+03 T(I con) 2.74e+00 T(D con) 1.36e-01 T(U tot) 2.74e+00 nT (c+d) 6.95e+05 Prad/Gas 1.61e-06 Pmag/Gas 0.00e+00
 Lithium       0.00e+00 0.00e+00 0.00e+00 0.00e+00 Berylliu 0.00e+00 0.00e+00 0.00e+00 0.00e+00 0.00e+00 sec ion: 7.78e-18
 Carbon        0.00e+00 0.00e+00 0.00e+00 0.00e+00 0.00e+00 0.00e+00 0.00e+00 H2O+/O   0.00e+00 OH+/Otot 0.00e+00 Hex(tot) 0.00e+00
 Nitrogen      0.00e+00 0.00e+00 0.00e+00 0.00e+00 0.00e+00 0.00e+00 0.00e+00 0.00e+00 O2/Ototl 0.00e+00 O2+/Otot 0.00e+00
   My first Cloudy script
   Calculation stopped because lowest Te reached. Iteration 3 of 3
   The geometry is plane-parallel.
 C-Continuum zero at some energies.
 C-A temperature discontinuity occurred at zone 42 from 7.62e+03K to 2.55e+03K.
 C-The temperature varied by 198.7% between two zones
 C-The electron density varied by 51.7% between two zones
  !AGE: Cloud age was not set.  Longest timescale was 5.90e+13 s = 1.87e+06 years.
  !Mutual neutralization production of H-alpha was significant.
  !The local H2 cooling rate reached 97.9% of the local cooling.
  !The intensity of the incident radiation field is less than 10 times the Habing diffuse ISM field.  Is this OK?
  !   Consider adding diffuse ISM emission with TABLE ISM command.
  !Isotropic continuum subtraction significantly affects line intensities
   Suprathermal collisional ionization of H reached 0.62% of the local H ionization rate.
   The density is too low to l-mix the lowest H  I collapsed level.  More resolved levels are needed for accurate line ratios.
   The largest continuum occupation number was 5.668e+03 at 3.045e-09 Ryd.
   Grains were not present but might survive in this environment (energy density temperature was 2.74e+00K)

                       *********************************> Cloudy 17.00 <**********************************
                       * title "My first Cloudy script"                                                  *
                       * table HM12 redshift 0                                                           *
                       * cmb redshift 0                                                                  *
                       * hden 0.1                                                                        *
                       * elements limit off 0                                                            *
                       * iterate to convergence                                                          *
                       * print last iteration                                                            *
                       * save overview "h_hm.ovr" last                                                   *
                       * save continuum "h_hm.con" units microns                                         *
                       *********************************> Log(U): -6.58 <*********************************
                       >>>>>>>>>> Cautions are present.

                     Emission Line Spectrum.   Constant  Density Model.    Open geometry.  Iteration 3 of 3.
                                                     Intensity (erg/s/cm^2).


                                                   Intrinsic line intensities
general properties...................      H  1      3645.98A   -8.459    1.1314      Ca B      3682.80A  -10.703    0.0064
Inci            0    -1.894 4153352.5      H  1      3645.98A   -8.097    2.6002      Ca B      3679.35A  -10.766    0.0056
TotH            0    -7.133   23.9732      H  1      8203.53A   -9.205    0.2028      Ca B      3676.36A  -10.825    0.0049
TotC            0    -7.133   23.9589      H  1      8203.53A   -8.795    0.5218      Ca B      3673.75A  -10.882    0.0043
BFH1            0    -7.133   23.9339      H  1      8203.53A   -8.875    0.4338      Ca B      3671.47A  -10.935    0.0038
H FB            0    -8.255    1.8095      H  1      1.45841m   -9.701    0.0647      Ca B      1.87510m   -8.969    0.3497
HFBc            0    -8.255    1.8095      H  1      1.45841m   -9.283    0.1694      Ca B      1.28180m   -9.295    0.1651
H  1c           0    -7.336   14.9955      H  1      1.45841m   -9.255    0.1807      Ca B      1.09380m   -9.555    0.0906
continua.............................      H  1      1.45841m   -9.573    0.0870      Ca B      1.00493m   -9.769    0.0553
Bac       3646.00A   -7.271   17.4306      H  1      2.27876m  -10.065    0.0280      Ca B      9545.93A   -9.951    0.0364
nFnu      3645.00A   -7.155   22.7826      H  1      2.27876m   -9.648    0.0732      Ca B      9228.97A  -10.109    0.0253
nFnu      3647.00A   -7.784    5.3520      H  1      2.27876m   -9.587    0.0842      Ca B      9014.87A  -10.250    0.0183
cout      3646.00A   -7.572    8.7153      H  1      2.27876m   -9.757    0.0569      Ca B      8862.74A  -10.376    0.0137
cref      3646.00A   -7.572    8.7153      H  1      2.27876m  -10.232    0.0191      Ca B      8750.43A  -10.490    0.0105
thin      3646.00A   -7.271   17.4307      H  1      3.28142m  -10.351    0.0145      Ca B      8664.98A  -10.595    0.0083
Inci      4860.00A   -4.208 20166.119      H  1      3.28142m   -9.935    0.0378      Ca B      8598.35A  -10.692    0.0066
Inci      1215.00A   -5.117 2484.4780      H  1      3.28142m   -9.861    0.0448      Ca B      8545.34A  -10.782    0.0054
Ba C            0    -8.013    3.1558      H  1      3.28142m   -9.977    0.0343      Ca B      8502.44A  -10.865    0.0044
PA C            0    -8.422    1.2318      H  1      3.28142m  -10.278    0.0172      Ca B      8467.21A  -10.944    0.0037
FIR       83.0000m   -4.102 25707.309      H  1      3.28142m  -10.861    0.0045      Ca B      8437.91A  -11.018    0.0031
TIR       1800.00m   -1.965 3524993.2      H  1      4.46637m  -10.584    0.0085      Ca B      8413.28A  -11.088    0.0027
NIRa      2.85000m   -3.737 59583.281      H  1      4.46637m  -10.170    0.0220      Ca B      8392.35A  -11.155    0.0023
NIRb      3.00000m   -3.865 44370.547      H  1      4.46637m  -10.091    0.0264      Ca B      8374.43A  -11.218    0.0020
MIRa      15.0000m   -4.906 4035.4229      H  1      4.46637m  -10.181    0.0215      Ca B      8358.96A  -11.277    0.0017
MIRb      22.5000m   -4.903 4068.0999      H  1      4.46637m  -10.411    0.0126      Ca B      8345.51A  -11.334    0.0015
NMIR      21.7500m   -3.737 59583.281      H  1      4.46637m  -10.801    0.0051      Ca B      8333.74A  -11.389    0.0013
TFIR      611.250m   -2.467 1109249.5      H  1      4.46637m  -11.460    0.0011      Ca B      4.05113m   -9.585    0.0847
TALL      10000.0A   -1.896 4128334.0      H  1      5.83363m  -10.781    0.0054      Ca B      2.62513m   -9.839    0.0471
F12       12.0000m   -5.571  872.9047      H  1      5.83363m  -10.368    0.0139      Ca B      2.16551m  -10.056    0.0286
F25       25.0000m   -6.646   73.4251      H  1      5.83363m  -10.287    0.0168      Ca B      1.94454m  -10.241    0.0187
F60       60.0000m   -7.546    9.2582      H  1      5.83363m  -10.364    0.0141      Ca B      1.81740m  -10.402    0.0129
F100      100.000m   -8.609    0.8006      H  1      5.83363m  -10.557    0.0090      Ca B      1.73620m  -10.544    0.0093
MIPS      24.0000m   -6.943   37.0495      H  1      5.83363m  -10.864    0.0045      Ca B      1.68064m  -10.671    0.0069
MIPS      70.0000m   -8.291    1.6657      H  1      5.83363m  -11.316    0.0016      Ca B      1.64071m  -10.787    0.0053
MIPS      160.000m   -9.421    0.1235      H  1      7.38319m  -10.951    0.0036      Ca B      1.61092m  -10.892    0.0042
IRAC      3.60000m   -4.930 3824.3086      H  1      7.38319m  -10.539    0.0094      Ca B      1.58804m  -10.990    0.0033
IRAC      4.50000m   -5.084 2680.8523      H  1      7.38319m  -10.458    0.0113      Ca B      1.57006m  -11.081    0.0027
IRAC      5.80000m   -5.250 1829.9651      H  1      7.38319m  -10.526    0.0097      Ca B      1.55563m  -11.165    0.0022
IRAC      8.00000m   -5.389 1328.7325      H  1      7.38319m  -10.700    0.0065      Ca B      1.54388m  -11.244    0.0019
SPR1      250.000m   -6.816   49.7119      H  1      7.38319m  -10.961    0.0036      Ca B      1.53417m  -11.319    0.0016
SPR2      350.000m   -4.938 3755.0662      H  1      7.38319m  -11.318    0.0016      Ca B      1.52604m  -11.389    0.0013
SPR3      500.000m   -3.572 87061.570      H  1      9.11505m  -11.101    0.0026      Ca B      1.51917m  -11.456    0.0011
PAC1      70.0000m   -8.231    1.9125      H  1      9.11505m  -10.690    0.0066      Ca B      7.45777m  -10.076    0.0273
PAC2      100.000m   -8.621    0.7778      H  1      9.11505m  -10.608    0.0080      Ca B      4.65247m  -10.280    0.0171
PAC3      160.000m   -9.091    0.2636      H  1      9.11505m  -10.672    0.0069      Ca B      3.73951m  -10.465    0.0111
PAH       3.30000m   -5.741  590.7140      H  1      9.11505m  -10.833    0.0048      Ca B      3.29607m  -10.628    0.0077
PAHC      3.23000m   -6.018  312.2364      H  1      9.11505m  -11.067    0.0028      Ca B      3.03835m  -10.771    0.0055
PAHC      3.37000m   -6.066  279.3909      H  1      9.11505m  -11.371    0.0014      Ca B      2.87219m  -10.900    0.0041
PAH       6.20000m   -5.813  500.2180      H  1      11.0292m  -10.105    0.0255      Ca B      2.75749m  -11.016    0.0031
PAHC      5.65000m   -5.697  654.1729      H  1      13.1257m  -10.218    0.0197      Ca B      2.67438m  -11.123    0.0025
PAH       7.90000m   -5.864  444.7457      H  1      15.4044m  -10.321    0.0155      Ca B      2.61191m  -11.221    0.0020
PAHC      6.90000m   -5.670  695.7704      H  1      17.8655m  -10.417    0.0125      Ca B      2.56361m  -11.312    0.0016
PAH       11.3000m   -6.816   49.7131      H  1      20.5089m  -10.506    0.0101      Ca B      2.52538m  -11.397    0.0013
PAHC      10.9000m   -6.753   57.4251      H  1      23.3345m  -10.590    0.0084      Ca B      2.49455m  -11.477    0.0011
PAH       11.8000m   -6.669   69.6811      H  1      26.3425m  -10.668    0.0070      Ca B      12.3684m  -10.490    0.0105
PAHC      12.6500m   -6.768   55.4880      H  1      29.5328m  -10.742    0.0059      Ca B      7.50038m  -10.656    0.0072
PAH       13.3000m   -6.797   51.9135      H  1      32.9053m  -10.812    0.0050      Ca B      5.90655m  -10.817    0.0050
PAHC      14.1000m   -6.899   41.0846      H  1      36.4602m  -10.879    0.0043      Ca B      5.12722m  -10.960    0.0036
Bcon      3640.00A   -4.484 10667.427      H  1      40.1974m  -10.942    0.0037      Ca B      4.67119m  -11.090    0.0026
Pcon      5000.00A   -4.249 18354.842      H  1      44.1168m  -11.003    0.0032      Ca B      4.37522m  -11.207    0.0020
O3bn      5007.00A   -5.819  493.0495      H  1      48.2186m  -11.060    0.0028      Ca B      4.16962m  -11.314    0.0016
HFFc            0    -8.416    1.2476      H  1      52.5027m  -11.115    0.0025      Ca B      4.01974m  -11.413    0.0013
H FF            0    -8.482    1.0720      H  1      56.9691m   -9.941    0.0372      Ca B      3.90645m  -11.505    0.0010
ToFF            0    -8.482    1.0720      grains...............................      Ca B      19.0565m  -10.849    0.0046
nInu      23.5131c   -7.667    7.0074      H-like iso-sequence..................      Ca B      11.3055m  -10.987    0.0034
nInu      20.4636c   -7.485   10.6465      Cool      1215.67A   -7.551    9.1467      Ca B      8.75760m  -11.126    0.0024
nInu      6.61064c   -6.025  307.2229      Crst      960.000A   -7.745    5.8489      Ca B      7.50599m  -11.255    0.0018
nInu      6.13700c   -5.931  381.6360      LA X      1215.67A   -9.994    0.0330      Ca B      6.77008m  -11.372    0.0014
nInu      3.55415c   -5.232 1905.3074      CION            0   -10.235    0.0189      Ca B      6.29014m  -11.480    0.0011
nInu      3.43208c   -5.190 2100.2400      Ca B      1215.67A   -6.991   33.1947      Ca B      27.7955m  -11.166    0.0022
nInu      3.40000c   -5.177 2162.4822      Q(H)      4861.33A   -8.319    1.5588      Ca B      16.2045m  -11.281    0.0017
nFnu      2.00329c  -11.421    0.0012      Q(H)      1215.67A   -6.789   52.9217      Ca B      12.3837m  -11.404    0.0013
nInu      2.00329c   -4.511 10024.027      CaBo      4861.33A   -8.517    0.9890      Ca B      38.8589m  -11.449    0.0012
nFnu      1.33478c  -10.990    0.0033      Ca A      1215.67A   -7.176   21.7041      H  1            0    -7.297   16.4033
nInu      1.33478c   -4.012 31661.691      Ca A      1025.72A   -7.834    4.7642      H  1      1215.67A   -6.995   32.9003
nFnu      9993.08m  -10.669    0.0070      Ca A      972.537A   -8.248    1.8368      H  1      1025.72A  -10.547    0.0092
nInu      9993.08m   -3.665 70339.352      Ca A      949.743A   -8.553    0.9109      H  1      972.537A  -10.878    0.0043
nFnu      6917.22m  -10.266    0.0176      Ca A      937.804A   -8.795    0.5216      H  1      949.743A  -11.022    0.0031
nInu      6917.22m   -3.244 185595.17      Ca A      930.748A   -8.997    0.3277      H  1      937.804A  -11.046    0.0029
nFnu      122.400m  -10.126    0.0244      Ca A      926.226A   -9.170    0.2198      H  1      930.748A  -11.084    0.0027
nInu      122.400m   -8.467    1.1090      Ca A      923.150A   -9.322    0.1548      H  1      926.226A  -11.104    0.0026
nFnu      60.8322m   -9.877    0.0432      Ca A      920.963A   -9.458    0.1133      H  1      923.150A  -11.117    0.0025
nInu      60.8322m   -7.560    8.9642      Ca A      919.351A   -9.581    0.0854      H  1      920.963A  -11.125    0.0024
nFnu      41.2152m   -9.725    0.0612      Ca A      918.129A   -9.692    0.0661      H  1      913.480A  -11.405    0.0013
nInu      41.2152m   -7.052   28.8789      Ca A      917.181A   -9.795    0.0521      H  1      913.339A  -11.160    0.0022
nFnu      30.8695m   -9.618    0.0784      Ca A      916.429A   -9.890    0.0419      H  1      913.215A   -9.962    0.0355
nInu      30.8695m   -6.674   68.9248      Ca A      915.824A   -9.978    0.0342      H  1      6562.81A   -8.057    2.8502
nFnu      24.7829m   -9.536    0.0947      Ca A      915.329A  -10.061    0.0283      H  1      4861.33A   -8.512    1.0000
nInu      24.7829m   -6.387  133.3457      Ca A      914.919A  -10.138    0.0237      H  1      4340.46A   -8.841    0.4696
nFnu      24.2998m   -9.529    0.0963      Ca A      914.576A  -10.211    0.0200      H  1      4101.73A   -9.100    0.2586
nInu      24.2998m   -6.361  141.5904      Ca A      914.286A  -10.278    0.0171      H  1      3970.07A   -9.309    0.1596
nFnu      22.8302m   -9.505    0.1017      Ca A      914.039A  -10.342    0.0148      H  1      3889.05A   -9.487    0.1059
nInu      22.8302m   -6.283  169.5111      Ca A      913.826A  -10.402    0.0129      H  1      3835.38A   -9.641    0.0743
nFnu      21.4199m   -9.483    0.1071      Ca A      913.641A  -10.459    0.0113      H  1      3797.89A   -9.777    0.0543
nInu      21.4199m   -6.201  204.9770      Ca A      913.480A  -10.512    0.0100      H  1      3770.63A   -9.760    0.0566
nFnu      21.1235m   -9.477    0.1085      Ca A      913.339A  -10.561    0.0089      H  1      3750.15A   -9.862    0.0447
nInu      21.1235m   -6.179  215.4853      Ca A      6562.81A   -8.233    1.9031      H  1      3734.36A   -9.956    0.0360
nFnu      19.6199m   -9.448    0.1160      Ca A      4861.33A   -8.693    0.6594      H  1      3721.93A  -10.042    0.0295
nInu      19.6199m   -6.083  268.5048      Ca A      4340.46A   -9.022    0.3096      H  1      3711.97A  -10.122    0.0246
nFnu      17.6534m   -9.408    0.1273      Ca A      4101.73A   -9.277    0.1720      H  1      3703.85A  -10.196    0.0207
nInu      17.6534m   -5.949  366.0738      Ca A      3970.07A   -9.486    0.1061      H  1      3697.15A  -10.265    0.0177
nFnu      17.3700m   -9.402    0.1290      Ca A      3889.05A   -9.665    0.0704      H  1      3691.55A  -10.328    0.0153
nInu      17.3700m   -5.927  384.8407      Ca A      3835.38A   -9.820    0.0492      H  1      3686.83A  -10.385    0.0134
nFnu      15.6901m   -9.366    0.1401      Ca A      3797.89A   -9.958    0.0358      H  1      3682.80A  -10.437    0.0119
nInu      15.6901m   -5.792  524.6838      Ca A      3770.63A  -10.082    0.0269      H  1      3679.35A  -10.481    0.0108
nFnu      14.6036m   -9.336    0.1500      Ca A      3750.15A  -10.195    0.0207      H  1      3676.36A  -10.513    0.0100
nInu      14.6036m   -5.701  647.2761      Ca A      3734.36A  -10.299    0.0163      H  1      3673.75A  -10.526    0.0097
nFnu      12.4300m   -9.274    0.1733      Ca A      3721.93A  -10.395    0.0131      H  1      3671.47A  -10.489    0.0105
nInu      12.4300m   -5.488 1056.5031      Ca A      3711.97A  -10.484    0.0107      H  1      3669.46A   -9.742    0.0590
nFnu      11.4000m   -9.244    0.1854      Ca A      3703.85A  -10.567    0.0088      H  1      1.87510m   -9.011    0.3171
nInu      11.4000m   -5.375 1370.1719      Ca A      3697.15A  -10.645    0.0074      H  1      1.28180m   -9.309    0.1598
nFnu      10.4600m   -9.206    0.2023      Ca A      3691.55A  -10.719    0.0062      H  1      1.09380m   -9.561    0.0894
nInu      10.4600m   -5.263 1776.9668      Ca A      3686.83A  -10.788    0.0053      H  1      1.00493m   -9.770    0.0552
nFnu      9.48002m   -9.174    0.2179      Ca A      3682.80A  -10.855    0.0045      H  1      9545.93A   -9.949    0.0366
nInu      9.48002m   -5.154 2282.0913      Ca A      3679.35A  -10.917    0.0039      H  1      9228.97A  -10.104    0.0256
nFnu      9.32488m   -9.168    0.2207      Ca A      3676.36A  -10.977    0.0034      H  1      9014.87A  -10.241    0.0187
nInu      9.32488m   -5.137 2371.4473      Ca A      3673.75A  -11.034    0.0030      H  1      8862.74A  -10.275    0.0173
nFnu      8.21035m   -9.115    0.2495      Ca A      3671.47A  -11.089    0.0026      H  1      8750.43A  -10.377    0.0137
nInu      8.21035m   -5.010 3179.4629      Ca A      1.87510m   -9.012    0.3166      H  1      8664.98A  -10.470    0.0110
nFnu      7.58000m   -9.090    0.2647      Ca A      1.28180m   -9.348    0.1460      H  1      8598.35A  -10.557    0.0090
nInu      7.58000m   -4.930 3823.4771      Ca A      1.09380m   -9.613    0.0794      H  1      8545.34A  -10.636    0.0075
nFnu      7.05026m   -9.050    0.2900      Ca A      1.00493m   -9.829    0.0482      H  1      8502.44A  -10.710    0.0063
nInu      7.05026m   -4.857 4522.3921      Ca A      9545.93A  -10.012    0.0317      H  1      8467.21A  -10.778    0.0054
nFnu      4.11370m   -8.832    0.4789      Ca A      9228.97A  -10.171    0.0220      H  1      8437.91A  -10.842    0.0047
nInu      4.11370m   -4.374 13757.636      Ca A      9014.87A  -10.311    0.0159      H  1      8413.28A  -10.899    0.0041
nFnu      2.32440m   -8.646    0.7354      Ca A      8862.74A  -10.437    0.0119      H  1      8392.35A  -10.950    0.0036
nInu      2.32440m   -4.036 29971.156      Ca A      8750.43A  -10.552    0.0091      H  1      8374.43A  -10.994    0.0033
nFnu      1.64313m   -8.496    1.0380      Ca A      8664.98A  -10.657    0.0072      H  1      8358.96A  -11.027    0.0031
nInu      1.64313m   -3.955 36094.039      Ca A      8598.35A  -10.753    0.0057      H  1      8345.51A  -11.040    0.0030
nFnu      1.48022m   -8.478    1.0822      Ca A      8545.34A  -10.843    0.0047      H  1      8333.74A  -11.003    0.0032
nInu      1.48022m   -3.947 36721.531      Ca A      8502.44A  -10.927    0.0038      H  1      8323.38A  -10.255    0.0181
nFnu      1.43649m   -8.287    1.6784      Ca A      8467.21A  -11.006    0.0032      H  1      4.05113m   -9.657    0.0717
nInu      1.43649m   -3.945 36882.660      Ca A      8437.91A  -11.080    0.0027      H  1      2.62513m   -9.878    0.0430
nFnu      1.11867m   -8.254    1.8115      Ca A      8413.28A  -11.150    0.0023      H  1      2.16551m  -10.082    0.0269
nInu      1.11867m   -3.950 36475.145      Ca A      8392.35A  -11.217    0.0020      H  1      1.94454m  -10.260    0.0179
nFnu      8329.68A   -8.205    2.0306      Ca A      8374.43A  -11.280    0.0017      H  1      1.81740m  -10.415    0.0125
nInu      8329.68A   -4.018 31191.510      Ca A      8358.96A  -11.340    0.0015      H  1      1.73620m  -10.554    0.0091
nFnu      8078.61A   -7.867    4.4223      Ca A      8345.51A  -11.398    0.0013      H  1      1.68064m  -10.644    0.0074
nInu      8078.61A   -4.028 30516.688      Ca A      8333.74A  -11.453    0.0011      H  1      1.64071m  -10.746    0.0058
nFnu      6209.66A   -7.902    4.0736      Ca A      4.05113m   -9.604    0.0809      H  1      1.61092m  -10.839    0.0047
nInu      6209.66A   -4.118 24766.859      Ca A      2.62513m   -9.864    0.0445      H  1      1.58804m  -10.925    0.0039
nFnu      4885.36A   -7.896    4.1296      Ca A      2.16551m  -10.084    0.0268      H  1      1.57006m  -11.004    0.0032
nInu      4885.36A   -4.207 20178.098      Ca A      1.94454m  -10.271    0.0174      H  1      1.55563m  -11.078    0.0027
nFnu      3704.34A   -7.793    5.2356      Ca A      1.81740m  -10.433    0.0120      H  1      1.54388m  -11.146    0.0023
nInu      3704.34A   -4.303 16183.318      Ca A      1.73620m  -10.576    0.0086      H  1      1.53417m  -11.209    0.0020
nFnu      3587.67A   -7.168   22.0929      Ca A      1.68064m  -10.704    0.0064      H  1      1.52604m  -11.267    0.0018
nInu      3587.67A   -4.311 15877.017      Ca A      1.64071m  -10.820    0.0049      H  1      1.51917m  -11.318    0.0016
nFnu      2430.05A   -7.389   13.2946      Ca A      1.61092m  -10.926    0.0039      H  1      1.51331m  -11.361    0.0014
nInu      2430.05A   -4.443 11730.178      Ca A      1.58804m  -11.024    0.0031      H  1      1.50827m  -11.394    0.0013
nFnu      2392.03A   -7.385   13.3918      Ca A      1.57006m  -11.114    0.0025      H  1      1.50389m  -11.407    0.0013
nInu      2392.03A   -4.451 11525.138      Ca A      1.55563m  -11.199    0.0021      H  1      1.50008m  -11.370    0.0014
nFnu      2071.34A   -7.326   15.3706      Ca A      1.54388m  -11.278    0.0017      H  1      1.49672m  -10.622    0.0078
nInu      2071.34A   -4.535 9484.3721      Ca A      1.53417m  -11.353    0.0014      H  1      7.45777m  -10.173    0.0218
nFnu      2052.68A   -7.320   15.5700      Ca A      1.52604m  -11.424    0.0012      H  1      4.65247m  -10.342    0.0148
nInu      2052.68A   -4.542 9337.0469      Ca A      1.51917m  -11.490    0.0011      H  1      3.73951m  -10.511    0.0100
nFnu      1793.44A   -7.241   18.6915      Ca A      7.45777m  -10.089    0.0265      H  1      3.29607m  -10.664    0.0070
nInu      1793.44A   -4.647 7335.5005      Ca A      4.65247m  -10.296    0.0165      H  1      3.03835m  -10.802    0.0051
nFnu      1585.12A   -7.178   21.5766      Ca A      3.73951m  -10.483    0.0107      H  1      2.87219m  -10.933    0.0038
nInu      1585.12A   -4.770 5519.3037      Ca A      3.29607m  -10.646    0.0073      H  1      2.75749m  -11.034    0.0030
nFnu      1458.33A   -7.168   22.0972      Ca A      3.03835m  -10.791    0.0053      H  1      2.67438m  -11.127    0.0024
nInu      1458.33A   -4.864 4445.5039      Ca A      2.87219m  -10.920    0.0039      H  1      2.61191m  -11.212    0.0020
nFnu      1356.96A   -7.209   20.0889      Ca A      2.75749m  -11.037    0.0030      H  1      2.56361m  -11.291    0.0017
nInu      1356.96A   -4.955 3608.3315      Ca A      2.67438m  -11.144    0.0023      H  1      2.52538m  -11.365    0.0014
nFnu      1297.29A   -7.322   15.5091      Ca A      2.61191m  -11.243    0.0019      H  1      2.49455m  -11.433    0.0012
nInu      1297.29A   -5.027 3057.3308      Ca A      2.56361m  -11.334    0.0015      H  1      2.46929m  -11.496    0.0010
nFnu      1262.79A   -7.497   10.3676      Ca A      2.52538m  -11.419    0.0012      H  1      2.37371m  -10.908    0.0040
nInu      1262.79A   -5.068 2784.3643      Ca A      2.49455m  -11.499    0.0010      H  1      12.3684m  -10.607    0.0080
nFnu      1218.08A   -6.828   48.3784      Ca A      12.3684m  -10.501    0.0103      H  1      7.50038m  -10.739    0.0059
nInu      1218.08A   -5.118 2478.9790      Ca A      7.50038m  -10.668    0.0070      H  1      5.90655m  -10.882    0.0043
nFnu      1196.33A   -9.147    0.2321      Ca A      5.90655m  -10.829    0.0048      H  1      5.12722m  -11.015    0.0031
nInu      1196.33A   -5.278 1714.3286      Ca A      5.12722m  -10.974    0.0035      H  1      4.67119m  -11.172    0.0022
nFnu      1175.06A   -9.785    0.0534      Ca A      4.67119m  -11.104    0.0026      H  1      4.37522m  -11.271    0.0017
nInu      1175.06A   -5.311 1591.0061      Ca A      4.37522m  -11.222    0.0020      H  1      4.16962m  -11.363    0.0014
nFnu      1143.64A  -10.387    0.0133      Ca A      4.16962m  -11.329    0.0015      H  1      4.01974m  -11.448    0.0012
nInu      1143.64A   -5.382 1350.3636      Ca A      4.01974m  -11.429    0.0012      H  1      3.48198m  -11.143    0.0023
nFnu      1113.22A  -10.736    0.0060      Ca A      19.0565m  -10.859    0.0045      H  1      19.0565m  -10.982    0.0034
nInu      1113.22A   -5.457 1136.9000      Ca A      11.3055m  -10.996    0.0033      H  1      11.3055m  -11.088    0.0027
nFnu      1103.23A  -10.811    0.0050      Ca A      8.75760m  -11.137    0.0024      H  1      8.75760m  -11.209    0.0020
nInu      1103.23A   -5.477 1084.6831      Ca A      7.50599m  -11.266    0.0018      H  1      7.50599m  -11.376    0.0014
nFnu      1073.86A  -11.090    0.0026      Ca A      6.77008m  -11.383    0.0013      H  1      6.77008m  -11.474    0.0011
nInu      1073.86A   -5.579  856.6434      Ca A      6.29014m  -11.491    0.0010      H  1      4.84633m  -11.341    0.0015
nFnu      1064.34A  -11.182    0.0021      Ca A      27.7955m  -11.176    0.0022      H  1      27.7955m  -11.312    0.0016
nInu      1064.34A   -5.614  790.5087      Ca A      16.2045m  -11.290    0.0017      H  1      16.2045m  -11.397    0.0013
nFnu      1035.92A  -11.426    0.0012      Ca A      12.3837m  -11.413    0.0013      He-like iso-sequence.................
nInu      1035.92A   -5.738  594.0067      Ca A      38.8589m  -11.460    0.0011      Pho+      3889.00A   -9.584    0.0848
nInu      1000.00A   -5.935  377.7897      Ca B      6562.81A   -8.059    2.8394      extra Lyman..........................
nInu      925.144A   -6.471  110.0933      Ca B      4861.33A   -8.523    0.9752      database lines.......................
nFnu      897.800A   -6.942   37.1675      Ca B      4340.46A   -8.855    0.4540      level 1 lines........................
nInu      897.800A   -9.717    0.0624      Ca B      4101.73A   -9.114    0.2505      recombination........................
nFnu      760.023A   -8.195    2.0746      Ca B      3970.07A   -9.326    0.1537      level2 lines.........................
nInu      760.023A   -8.579    0.8567      Ca B      3889.05A   -9.506    0.1015      hyperfine structure..................
nFnu      701.514A   -8.884    0.4247      Ca B      3835.38A   -9.663    0.0707      inner shell..........................
nInu      701.514A   -8.191    2.0940      Ca B      3797.89A   -9.802    0.0513      molecules............................
nFnu      608.160A  -10.304    0.0161      Ca B      3770.63A   -9.927    0.0385      H2 l      2.00000m   -7.774    5.4691
nInu      608.160A   -7.683    6.7497      Ca B      3750.15A  -10.041    0.0296      H2 v            0    -9.425    0.1223
nFnu      575.146A  -10.940    0.0037      Ca B      3734.36A  -10.146    0.0233      H-FB            0    -9.065    0.2803
nInu      575.146A   -7.536    9.4755      Ca B      3721.93A  -10.242    0.0186      H-FF            0    -9.268    0.1756
nInu      511.948A   -7.304   16.1464      Ca B      3711.97A  -10.332    0.0152      H-CT      6562.81A   -9.106    0.2551
nInu      496.874A   -7.258   17.9547      Ca B      3703.85A  -10.416    0.0125      H- H            0    -9.961    0.0356
nInu      399.153A   -7.046   29.2369      Ca B      3697.15A  -10.494    0.0104      H2+             0    -9.373    0.1377
RRC..................................      Ca B      3691.55A  -10.568    0.0088      H2+p            0   -11.295    0.0017
H  1      911.753A   -8.048    2.9104      Ca B      3686.83A  -10.637    0.0075      blends...............................

                                                    Emergent line intensities
general properties...................      H  1      913.480A  -11.405    0.0013      H  1      1.61092m  -10.839    0.0047
continua.............................      H  1      913.339A  -11.160    0.0022      H  1      1.58804m  -10.925    0.0039
FIR       83.0000m   -4.102 25707.578      H  1      913.215A   -9.962    0.0355      H  1      1.57006m  -11.004    0.0032
TIR       1800.00m   -1.965 3525030.2      H  1      6562.81A   -8.057    2.8502      H  1      1.55563m  -11.078    0.0027
NIRa      2.85000m   -3.737 59583.906      H  1      4861.33A   -8.512    1.0000      H  1      1.54388m  -11.146    0.0023
NIRb      3.00000m   -3.865 44371.012      H  1      4340.46A   -8.841    0.4696      H  1      1.53417m  -11.209    0.0020
MIRa      15.0000m   -4.906 4035.4653      H  1      4101.73A   -9.100    0.2586      H  1      1.52604m  -11.267    0.0018
MIRb      22.5000m   -4.903 4068.1426      H  1      3970.07A   -9.309    0.1596      H  1      1.51917m  -11.318    0.0016
NMIR      21.7500m   -3.737 59583.906      H  1      3889.05A   -9.487    0.1059      H  1      1.51331m  -11.361    0.0014
TFIR      611.250m   -2.467 1109261.1      H  1      3835.38A   -9.641    0.0743      H  1      1.50827m  -11.394    0.0013
TALL      10000.0A   -1.896 4128319.0      H  1      3797.89A   -9.777    0.0543      H  1      1.50389m  -11.407    0.0013
F12       12.0000m   -5.571  872.9139      H  1      3770.63A   -9.760    0.0566      H  1      1.50008m  -11.370    0.0014
F25       25.0000m   -6.646   73.4259      H  1      3750.15A   -9.862    0.0447      H  1      1.49672m  -10.622    0.0078
F60       60.0000m   -7.546    9.2583      H  1      3734.36A   -9.956    0.0360      H  1      7.45777m  -10.173    0.0218
F100      100.000m   -8.609    0.8006      H  1      3721.93A  -10.042    0.0295      H  1      4.65247m  -10.342    0.0148
MIPS      24.0000m   -6.943   37.0498      H  1      3711.97A  -10.122    0.0246      H  1      3.73951m  -10.511    0.0100
MIPS      70.0000m   -8.291    1.6657      H  1      3703.85A  -10.196    0.0207      H  1      3.29607m  -10.664    0.0070
MIPS      160.000m   -9.421    0.1235      H  1      3697.15A  -10.265    0.0177      H  1      3.03835m  -10.802    0.0051
IRAC      3.60000m   -4.930 3824.3486      H  1      3691.55A  -10.328    0.0153      H  1      2.87219m  -10.933    0.0038
IRAC      4.50000m   -5.084 2680.8804      H  1      3686.83A  -10.385    0.0134      H  1      2.75749m  -11.034    0.0030
IRAC      5.80000m   -5.250 1829.9843      H  1      3682.80A  -10.437    0.0119      H  1      2.67438m  -11.127    0.0024
IRAC      8.00000m   -5.389 1328.7465      H  1      3679.35A  -10.481    0.0108      H  1      2.61191m  -11.212    0.0020
SPR1      250.000m   -6.816   49.7125      H  1      3676.36A  -10.513    0.0100      H  1      2.56361m  -11.291    0.0017
SPR2      350.000m   -4.938 3755.1055      H  1      3673.75A  -10.526    0.0097      H  1      2.52538m  -11.365    0.0014
SPR3      500.000m   -3.572 87062.484      H  1      3671.47A  -10.489    0.0105      H  1      2.49455m  -11.433    0.0012
PAC1      70.0000m   -8.231    1.9125      H  1      3669.46A   -9.742    0.0590      H  1      2.46929m  -11.496    0.0010
PAC2      100.000m   -8.621    0.7778      H  1      1.87510m   -9.011    0.3171      H  1      2.37371m  -10.908    0.0040
PAC3      160.000m   -9.091    0.2636      H  1      1.28180m   -9.309    0.1598      H  1      12.3684m  -10.607    0.0080
PAH       3.30000m   -5.741  590.7202      H  1      1.09380m   -9.561    0.0894      H  1      7.50038m  -10.739    0.0059
PAHC      3.23000m   -6.018  312.2397      H  1      1.00493m   -9.770    0.0552      H  1      5.90655m  -10.882    0.0043
PAHC      3.37000m   -6.066  279.3939      H  1      9545.93A   -9.949    0.0366      H  1      5.12722m  -11.015    0.0031
PAH       6.20000m   -5.813  500.2232      H  1      9228.97A  -10.104    0.0256      H  1      4.67119m  -11.172    0.0022
PAHC      5.65000m   -5.697  654.1797      H  1      9014.87A  -10.241    0.0187      H  1      4.37522m  -11.271    0.0017
PAH       7.90000m   -5.864  444.7503      H  1      8862.74A  -10.275    0.0173      H  1      4.16962m  -11.363    0.0014
PAHC      6.90000m   -5.670  695.7777      H  1      8750.43A  -10.377    0.0137      H  1      4.01974m  -11.448    0.0012
PAH       11.3000m   -6.816   49.7136      H  1      8664.98A  -10.470    0.0110      H  1      3.48198m  -11.143    0.0023
PAHC      10.9000m   -6.753   57.4258      H  1      8598.35A  -10.557    0.0090      H  1      19.0565m  -10.982    0.0034
PAH       11.8000m   -6.669   69.6819      H  1      8545.34A  -10.636    0.0075      H  1      11.3055m  -11.088    0.0027
PAHC      12.6500m   -6.768   55.4885      H  1      8502.44A  -10.710    0.0063      H  1      8.75760m  -11.209    0.0020
PAH       13.3000m   -6.797   51.9140      H  1      8467.21A  -10.778    0.0054      H  1      7.50599m  -11.376    0.0014
PAHC      14.1000m   -6.899   41.0850      H  1      8437.91A  -10.842    0.0047      H  1      6.77008m  -11.474    0.0011
Bcon      3640.00A   -4.484 10667.502      H  1      8413.28A  -10.899    0.0041      H  1      4.84633m  -11.341    0.0015
Pcon      5000.00A   -4.249 18354.826      H  1      8392.35A  -10.950    0.0036      H  1      27.7955m  -11.312    0.0016
O3bn      5007.00A   -5.819  493.0495      H  1      8374.43A  -10.994    0.0033      H  1      16.2045m  -11.397    0.0013
RRC..................................      H  1      8358.96A  -11.027    0.0031      He-like iso-sequence.................
grains...............................      H  1      8345.51A  -11.040    0.0030      extra Lyman..........................
H-like iso-sequence..................      H  1      8333.74A  -11.003    0.0032      database lines.......................
H  1      1215.67A   -6.995   32.9006      H  1      8323.38A  -10.255    0.0181      level 1 lines........................
H  1      1025.72A  -10.547    0.0092      H  1      4.05113m   -9.657    0.0717      recombination........................
H  1      972.537A  -10.878    0.0043      H  1      2.62513m   -9.878    0.0430      level2 lines.........................
H  1      949.743A  -11.022    0.0031      H  1      2.16551m  -10.082    0.0269      hyperfine structure..................
H  1      937.804A  -11.046    0.0029      H  1      1.94454m  -10.260    0.0179      inner shell..........................
H  1      930.748A  -11.084    0.0027      H  1      1.81740m  -10.415    0.0125      molecules............................
H  1      926.226A  -11.104    0.0026      H  1      1.73620m  -10.554    0.0091      blends...............................
H  1      923.150A  -11.117    0.0025      H  1      1.68064m  -10.644    0.0074
H  1      920.963A  -11.125    0.0024      H  1      1.64071m  -10.746    0.0058



 My first Cloudy script
 Cooling:  HFBc            0 :0.076 H  1c           0 :0.626 HFFc            0 :0.052 H2 l      2.00000m:0.228  
 Heating:  BFH1            0 :0.998  

 These are some of the most important databases used by Cloudy:
 Many recombination coefficients were taken from http://amdpp.phys.strath.ac.uk/tamoc/RR/ and http://amdpp.phys.strath.ac.uk/tamoc/DR/
      and are based on the following papers:
        Badnell N. R., et al., A&A 406, 1151 (2003) [http://adsabs.harvard.edu/abs/2003A%26A...406.1151B]
        Badnell N. R., ApJS 167, 334 (2006) [http://adsabs.harvard.edu/abs/2006ApJS..167..334B]
 Much of the molecular emission data is from LAMDA as accessed on June 30, 2015. This database is described in:
        Schoeier F.L., et al., A&A 432, 369 (2005) [http://adsabs.harvard.edu/abs/2005A%26A...432..369S]
      This database is in part based on the work of the following groups:
        JPL: Pickett H. M. et al., JQSRT, 60, 883 (1998). [http://adsabs.harvard.edu/abs/1998JQSRT..60..883P]
        CDMS: Mueller H. S. et al., A&A 370, L49 (2001). [http://adsabs.harvard.edu/abs/2001A%26A...370L..49M]
              Mueller H. S. et al., J. Mol. Struct. 742, 215 (2005). [http://adsabs.harvard.edu/abs/2005JMoSt.742..215M]
 Much of the ionic emission data is from version 7.1.4 of CHIANTI. CHIANTI is a collaborative project involving the NRL (USA), the
      Universities of Florence (Italy) and Cambridge (UK), and George Mason University (USA). These papers describe Chianti:
        Dere K. P., et al., A&AS, 125, 149 (1997) [http://adsabs.harvard.edu/abs/1997A%26AS..125..149D]
        Landi E., et al., ApJ, 744, 99 (2012) [http://adsabs.harvard.edu/abs/2012ApJ...744...99L]
 Much of the H_2 data is from this web site: http://molat.obspm.fr/index.php?page=pages/Molecules/H2/H2can94.php. These data are
      described in:
        Abgrall H. et al., Can. J. Phys., 72, 856 (1994) [http://adsabs.harvard.edu/abs/1994CaJPh..72..856A]
        Wrathmall S. A. & Flower D. R., J. Phys. B, 40, 3221 (2007) [http://adsabs.harvard.edu/abs/2007JPhB...40.3221W]

 If you find some process or data set to be particularly critical to a result, please follow the trail of references back to the
 original source and cite that.  This will support and encourage atomic, molecular, and chemical physicists to continue their
 valuable work.

 IONIZE PARMET:  U(1-) -6.5787  U(4-): -7.3912  U(sp): -6.58  Q(ion):    3.479  L(ion) -5.451    Q(low): 13.090    L(low) -1.894
 ENERGY BUDGET:  Heat:  -7.133  Coolg:  -7.133  Error:  0.1%  Rec Lin:  -7.297  F-F  H  0.000    P(rad/tot)max     5.25E-06    R(F Con):1.737e+05

     Col(Heff):      6.354E+16  snd travl time  1.27E+12 sec  Te-low: 2.55E+03  Te-hi: 8.41E+03  G0TH85: 6.26E-03  G0DB96:7.41E-04
  Emiss Measure    n(e)n(p) dl       2.040E+16  n(e)n(He+)dl         0.000E+00  En(e)n(He++) dl         0.000E+00  ne nC+:0.00E+00
 He/Ha:0.00E+00  =   0.00*true  Lthin:1.31E+07  itr/zn: 6.53  H2 itr/zn:  0.00  File Opacity: F  MassTot 2.22e-06  (gm/cm^2)
   Temps(21 cm)   T(21cm/Ly a)  5.48E+03        T(<nH/Tkin>)  7.47E+03          T(<nH/Tspin>)    6.16E+03          TB21cm:3.49E-02
                   N(H0/Tspin)  1.94E+14        N(OH/Tkin)    0.00E+00          B(21cm)          0.00E+00
   <a>:3.60E-12  erdeFe3.7E+30  Tcompt5.53E+11  Tthr5.90E+13  <Tden>: 7.90E+03  <dens>:2.11E-24  <MolWgt>9.16E-01
     Mean Jeans  l(cm)3.88E+21  M(sun)3.25E+07  smallest:     len(cm):2.21E+21  M(sun):5.95E+06  a_ox tran: -1.83
 Rion:1.000E+30  Dist:0.00E+00  Diam:0.000E+00
 Hatom level 70  HatomType: add  HInducImp  F  He tot level: 63  He2 level:   70  ExecTime     8.0
 ConvrgError(%)  <eden>  0.041  MaxEden  0.132  <H-C>   0.14  Max(H-C)    0.46  <Press>   0.000  MaxPrs er  0.000
  Continuity(%)  chng Te 198.7  elec den  51.7  n(H2)    0.0  n(CO)        0.0

                                                        Averaged Quantities
             Te      Te(Ne)   Te(NeNp)  Te(NeHe+)Te(NeHe2+) Te(NeO+)  Te(NeO2+)  Te(H2)     N(H)     Ne(O2+)   Ne(Np)
 Radius:  7.90e+03  8.09e+03  8.19e+03  0.00e+00  0.00e+00  0.00e+00  0.00e+00  5.61e+03  1.26e+00  0.00e+00  1.50e-01
 
 Peimbert T(OIIIr)0.00E+00 T(Bac)8.23E+03 T(Hth)7.90E+03 t2(Hstrc) 2.01e-03 T(O3-BAC)6.14E+03 t2(O3-BC)-1.69e-01 t2(O3str) 0.00e+00

 Contin Optical Depths: COMP: 9.04e-08    H-: 2.01e-06 R(1300): 8.01e-06  H2+: 1.66e-07  Bra:9.05E-08
                          Pa: 9.05e-08    Ba: 2.04e-06      Hb: 1.56e-06   La: 1.97e-02     1r:7.570E+00  1.8:1.47E+00 4.:1.461E-01

 Old, new H  1 continuum optical depths:
     1 7.57e+00     2 1.08e-06     3 2.11e-06     4 2.11e-06     5 2.11e-06     6 5.24e-07     7 5.24e-07     8 5.24e-07
     9 5.24e-07    10 5.67e-20    11 5.67e-20    12 5.67e-20    13 5.67e-20    14 5.67e-20    15 1.32e-19    16 1.32e-19
    17 1.32e-19    18 1.32e-19    19 1.32e-19    20 1.32e-19    21 2.70e-19    22 2.70e-19    23 2.70e-19    24 2.70e-19
    25 2.70e-19    26 2.70e-19    27 2.70e-19    28 5.10e-19    29 5.10e-19    30 5.10e-19    31 5.10e-19    32 5.10e-19
    33 5.10e-19    34 5.10e-19    35 5.10e-19    36 9.02e-19    37 9.02e-19    38 9.02e-19    39 9.02e-19    40 9.02e-19
    41 9.02e-19    42 9.02e-19    43 9.02e-19    44 9.02e-19    45 1.51e-18    46 1.51e-18    47 1.51e-18    48 1.51e-18
    49 1.51e-18    50 1.51e-18    51 1.51e-18    52 1.51e-18    53 1.51e-18    54 1.51e-18
     1 7.57e+00     2 1.08e-06     3 2.11e-06     4 2.11e-06     5 2.11e-06     6 5.23e-07     7 5.23e-07     8 5.23e-07
     9 5.23e-07    10 5.67e-20    11 5.67e-20    12 5.67e-20    13 5.67e-20    14 5.67e-20    15 1.32e-19    16 1.32e-19
    17 1.32e-19    18 1.32e-19    19 1.32e-19    20 1.32e-19    21 2.70e-19    22 2.70e-19    23 2.70e-19    24 2.70e-19
    25 2.70e-19    26 2.70e-19    27 2.70e-19    28 5.10e-19    29 5.10e-19    30 5.10e-19    31 5.10e-19    32 5.10e-19
    33 5.10e-19    34 5.10e-19    35 5.10e-19    36 9.02e-19    37 9.02e-19    38 9.02e-19    39 9.02e-19    40 9.02e-19
    41 9.02e-19    42 9.02e-19    43 9.02e-19    44 9.02e-19    45 1.51e-18    46 1.51e-18    47 1.51e-18    48 1.51e-18
    49 1.51e-18    50 1.51e-18    51 1.51e-18    52 1.51e-18    53 1.51e-18    54 1.51e-18

 Old, new H  1 mean line optical depths:
  2- 1 1.43e+05  3- 2 2.46e-10  4- 3 1.91e-16  5- 4 2.09e-16  6- 5 3.13e-16  7- 6 6.16e-16  8- 7 1.21e-15
  9- 8 2.19e-15 10- 9 3.65e-15 11-10 1.80e-14 12-11 0.00e+00 13-12 0.00e+00 14-13 0.00e+00 15-14 0.00e+00 16-15 0.00e+00
 17-16 0.00e+00 18-17 0.00e+00 19-18 0.00e+00 20-19 0.00e+00 21-20 0.00e+00 22-21 0.00e+00 23-22 0.00e+00 24-23 0.00e+00
 25-24 0.00e+00
  2- 1 1.43e+05  3- 2 2.46e-10  4- 3 1.91e-16  5- 4 2.09e-16  6- 5 3.13e-16  7- 6 6.16e-16  8- 7 1.21e-15
  9- 8 2.19e-15 10- 9 3.65e-15 11-10 1.80e-14 12-11 0.00e+00 13-12 0.00e+00 14-13 0.00e+00 15-14 0.00e+00 16-15 0.00e+00
 17-16 0.00e+00 18-17 0.00e+00 19-18 0.00e+00 20-19 0.00e+00 21-20 0.00e+00 22-21 0.00e+00 23-22 0.00e+00 24-23 0.00e+00
 25-24 0.00e+00

==== H      compounds ====           Log10 column densities [cm^-2]
   H2        : 13.679   H2*       :  8.654   H2+       : 10.374   H3+       :  5.874


               1      2      3      4      5      6      7      8      9     10     11     12     13     14     15     16     17

 Hydrogen   18.077 17.133 13.679 (H2)                Log10 Column density (cm^-2)
 Exc state        He[2]-35.930       C+[2]-35.930        C[1]-35.930        C[2]-35.930        C[3]-35.930        O[1]-35.930
                   O[2]-35.930        O[3]-35.930      Si+[1]-35.930      C+2[2]-35.930      C+2[3]-35.930      C+2[4]-35.930


 Hydrogen   -0.047 -0.990 -4.143 (H2)                 Log10 Mean Ionisation (over radius)

               1      2      3      4      5      6      7      8      9     10     11     12     13     14     15     16     17

 Hydrogen   -0.055 -0.924 -4.349 (H2)         Log10 Mean Ionisation (over radius*electron density)

               1      2      3      4      5      6      7      8      9     10     11     12     13     14     15     16     17

 Hydrogen    3.897  3.908  3.749 (H2)                  Log10 Mean Temperature (over radius)

               1      2      3      4      5      6      7      8      9     10     11     12     13     14     15     16     17

 Hydrogen    3.907  3.913  3.828 (H2)          Log10 Mean Temperature (over radius*electron density)

               1      2      3      4      5      6      7      8      9     10     11     12     13     14     15     16     17
My first Cloudy script

---------------Convergence statistics---------------
      1.41 mean iterations/state convergence
      1.96 mean cx acceleration loops/iteration
      1.39 mean iso convergence loops/ion solve
         1 mean steps/chemistry solve
         1 mean step length searches/chemistry step
----------------------------------------------------

 Cloudy ends: 43 zones, 3 iterations, 4 cautions. (single thread) ExecTime(s) 8.01
 [Stop in cdMain at maincl.cpp:517, Cloudy exited OK]
