                                                          Cloudy 17.00
                                                         www.nublado.org

                       **************************************17Jun01**************************************
                       *                                                                                 *
                       * title "My first Cloudy script"                                                  *
                       * table HM12 redshift 0                                                           *
                       * #<<  HM12 GALAXY model    1 read.         z =          0.00                 >>> *
                       * #<< FINAL:       z =          0.00                                          >>> *
                       * cmb redshift 0                                                                  *
                       * hden 0.1                                                                        *
                       * elements limit off 0                                                            *
                       * radius 18                                                                       *
                       * iterate to convergence                                                          *
                       * print last iteration                                                            *
                       * save overview "h.ovr" last                                                      *
                       * save continuum "h.con" units microns                                            *
                       *                                                                                 *
                       ***********************************************************************************



 NOTE Setcon: continuum has zero intensity starting at  3.7489e+06 Ryd.
    22 cells in the incident continuum have zero intensity.  Problems???

           8228CellPeak1.00E+00   Lo 3.04e-09=  29.98m   Hi-Con:7.13E+06 Ryd   E(hi):7.35E+06Ryd     E(hi):     100.00 MeV
           I(nu>1ryd):  -5.4243   Average nu:1.734E+01   I( X-ray):  -5.5671   I(BalC):  -4.4862     Phi(BalmrC):   6.6105
           phi(1.0-1.8): 3.7758   phi(1.8-4.0):  3.390   phi(4.0-20):  3.052   phi(20--):  2.610     Ion pht flx:9.957E+03
           I(gam ray):  -6.2619   phi(gam r):   0.2549   I(Infred):  -1.8951   Alf(ox):  -1.8272     Total inten:  -1.8939
           U(1.0----):2.638E-07   U(4.0----):4.062E-08   T(En-Den):2.739E+00   T(Comp):1.956E+04     nuJnu(912A):3.275E-07
           Occ(FarIR):5.668E+03   Occ(H n=6):4.692E-15   Occ(1Ryd):1.515E-23   Occ(4R):2.021E-26     Occ (Nu-hi):0.000E+00
           Tbr(FarIR):2.725E+00   Tbr(H n=6):2.055E-11   Tbr(1Ryd):2.392E-18   Tbr(4R):1.278E-20     Tbr (Nu-hi):0.000E+00
  
                                                  Gas Phase Chemical Composition
                                                            H :  0.0000
 
 ####  1  Te:8.413E+03 Hden:1.259E+00 Ne:2.209E-01 R:1.000E+18 R-R0:2.278E+13 dR:4.555E+13 NTR: 15 Htot:1.481E-25 T912: 3.00e-04###
 Hydrogen      8.25e-01 1.75e-01 H+o/Hden 1.00e+00 4.43e-08 H-    H2 7.43e-06 1.14e-08 H2+ HeH+ 0.00e+00 Ho+ ColD 4.73e+13 1.01e+13
 Pressure      NgasTgas 1.24e+04 P(total) 1.72e-12 P( gas ) 1.72e-12 P(Radtn) 0.00e+00 Rad accl 2.89e-10 ForceMul 9.73e+03
 Texc(La)      2.45e+03 T(I con) 2.74e+00 T(D con) 1.59e-02 T(U tot) 2.74e+00 nT (c+d) 6.66e+05 Prad/Gas 0.00e+00 Pmag/Gas 0.00e+00
 Lithium       0.00e+00 0.00e+00 0.00e+00 0.00e+00 Berylliu 0.00e+00 0.00e+00 0.00e+00 0.00e+00 0.00e+00 sec ion: 4.03e-18
 Carbon        0.00e+00 0.00e+00 0.00e+00 0.00e+00 0.00e+00 0.00e+00 0.00e+00 H2O+/O   0.00e+00 OH+/Otot 0.00e+00 Hex(tot) 0.00e+00
 Nitrogen      0.00e+00 0.00e+00 0.00e+00 0.00e+00 0.00e+00 0.00e+00 0.00e+00 0.00e+00 O2/Ototl 0.00e+00 O2+/Otot 0.00e+00
 #### 31  Te:1.786E+03 Hden:1.259E+00 Ne:5.726E-02 R:1.406E+18 R-R0:4.060E+17 dR:1.113E+16 NTR: 51 Htot:3.872E-26 T912: 2.88e+00###
 Hydrogen      9.53e-01 4.55e-02 H+o/Hden 9.98e-01 1.11e-08 H-    H2 7.77e-04 3.36e-09 H2+ HeH+ 0.00e+00 Ho+ ColD 4.54e+17 6.44e+16
 Pressure      NgasTgas 2.35e+03 P(total) 3.24e-13 P( gas ) 3.24e-13 P(Radtn) 4.46e-19 Rad accl 1.75e-12 ForceMul 2.71e+02
 Texc(La)      2.57e+03 T(I con) 2.30e+00 T(D con) 1.06e-01 T(U tot) 2.30e+00 nT (c+d) 5.81e+05 Prad/Gas 1.37e-06 Pmag/Gas 0.00e+00
 Lithium       0.00e+00 0.00e+00 0.00e+00 0.00e+00 Berylliu 0.00e+00 0.00e+00 0.00e+00 0.00e+00 0.00e+00 sec ion: 3.70e-18
 Carbon        0.00e+00 0.00e+00 0.00e+00 0.00e+00 0.00e+00 0.00e+00 0.00e+00 H2O+/O   0.00e+00 OH+/Otot 0.00e+00 Hex(tot) 0.00e+00
 Nitrogen      0.00e+00 0.00e+00 0.00e+00 0.00e+00 0.00e+00 0.00e+00 0.00e+00 0.00e+00 O2/Ototl 0.00e+00 O2+/Otot 0.00e+00
   My first Cloudy script
   Calculation stopped because lowest Te reached. Iteration 3 of 3
   The geometry is a thick shell.
 C-Continuum zero at some energies.
 C-A temperature discontinuity occurred at zone 30 from 7.39e+03K to 1.79e+03K.
 C-The temperature varied by 313.8% between two zones
 C-The electron density varied by 69.4% between two zones
  !AGE: Cloud age was not set.  Longest timescale was 5.32e+13 s = 1.69e+06 years.
  !The excitation temp of Lya exceeded the electron temp, largest value was 2.57e+03K (gas temp there was 1.79e+03K, zone  31)
  !Mutual neutralization production of H-alpha was significant.
  !The local H2 cooling rate reached 97.5% of the local cooling.
  !The intensity of the incident radiation field is less than 10 times the Habing diffuse ISM field.  Is this OK?
  !   Consider adding diffuse ISM emission with TABLE ISM command.
  !Isotropic continuum subtraction significantly affects line intensities
   The density is too low to l-mix the lowest H  I collapsed level.  More resolved levels are needed for accurate line ratios.
   The largest continuum occupation number was 5.668e+03 at 3.045e-09 Ryd.
   Grains were not present but might survive in this environment (energy density temperature was 2.74e+00K)
   The fraction of H in H2 reached 0.155% at some point in the cloud.

                       *********************************> Cloudy 17.00 <**********************************
                       * title "My first Cloudy script"                                                  *
                       * table HM12 redshift 0                                                           *
                       * cmb redshift 0                                                                  *
                       * hden 0.1                                                                        *
                       * elements limit off 0                                                            *
                       * radius 18                                                                       *
                       * iterate to convergence                                                          *
                       * print last iteration                                                            *
                       * save overview "h.ovr" last                                                      *
                       * save continuum "h.con" units microns                                            *
                       *********************************> Log(U): -6.58 <*********************************
                       >>>>>>>>>> Cautions are present.

                     Emission Line Spectrum.   Constant  Density Model.    Open geometry.  Iteration 3 of 3.
                                                     Intensity (erg/s/cm^2).


                                                   Intrinsic line intensities
general properties...................      H  1      8203.53A   -9.355    0.2006      Ca B      3676.36A  -10.970    0.0049
Inci            0    -1.894 5802710.5      H  1      8203.53A   -8.944    0.5175      Ca B      3673.75A  -11.026    0.0043
TotH            0    -7.367   19.5427      H  1      8203.53A   -9.022    0.4322      Ca B      3671.47A  -11.080    0.0038
TotC            0    -7.367   19.5235      H  1      1.45841m   -9.852    0.0639      Ca B      1.87510m   -9.109    0.3533
BFH1            0    -7.367   19.5183      H  1      1.45841m   -9.433    0.1677      Ca B      1.28180m   -9.437    0.1661
H FB            0    -8.387    1.8651      H  1      1.45841m   -9.403    0.1798      Ca B      1.09380m   -9.698    0.0911
HFBc            0    -8.387    1.8651      H  1      1.45841m   -9.718    0.0870      Ca B      1.00493m   -9.913    0.0555
H  1c           0    -7.598   11.4761      H  1      2.27876m  -10.217    0.0276      Ca B      9545.93A  -10.095    0.0365
continua.............................      H  1      2.27876m   -9.798    0.0723      Ca B      9228.97A  -10.253    0.0254
Bac       3646.00A   -7.400   18.0818      H  1      2.27876m   -9.735    0.0836      Ca B      9014.87A  -10.393    0.0184
nFnu      3645.00A   -7.295   23.0570      H  1      2.27876m   -9.903    0.0569      Ca B      8862.74A  -10.519    0.0137
nFnu      3647.00A   -7.961    4.9751      H  1      2.27876m  -10.375    0.0192      Ca B      8750.43A  -10.634    0.0106
cout      3646.00A   -7.704    8.9763      H  1      3.28142m  -10.503    0.0143      Ca B      8664.98A  -10.739    0.0083
cref      3646.00A   -7.698    9.1056      H  1      3.28142m  -10.086    0.0373      Ca B      8598.35A  -10.835    0.0066
thin      3646.00A   -7.403   17.9549      H  1      3.28142m  -10.010    0.0444      Ca B      8545.34A  -10.925    0.0054
Inci      4860.00A   -4.208 28174.385      H  1      3.28142m  -10.123    0.0342      Ca B      8502.44A  -11.009    0.0044
Inci      1215.00A   -5.117 3471.1011      H  1      3.28142m  -10.422    0.0172      Ca B      8467.21A  -11.088    0.0037
Ba C            0    -8.160    3.1424      H  1      3.28142m  -11.002    0.0045      Ca B      8437.91A  -11.162    0.0031
PA C            0    -8.568    1.2288      H  1      4.46637m  -10.737    0.0083      Ca B      8413.28A  -11.232    0.0027
FIR       83.0000m   -4.102 35916.074      H  1      4.46637m  -10.321    0.0217      Ca B      8392.35A  -11.298    0.0023
TIR       1800.00m   -1.965 4924821.0      H  1      4.46637m  -10.240    0.0261      Ca B      8374.43A  -11.361    0.0020
NIRa      2.85000m   -3.737 83245.141      H  1      4.46637m  -10.328    0.0214      Ca B      8358.96A  -11.421    0.0017
NIRb      3.00000m   -3.865 61991.020      H  1      4.46637m  -10.555    0.0127      Ca B      8345.51A  -11.478    0.0015
MIRa      15.0000m   -4.906 5637.9922      H  1      4.46637m  -10.943    0.0052      Ca B      8333.74A  -11.532    0.0013
MIRb      22.5000m   -4.903 5683.6499      H  1      4.46637m  -11.600    0.0011      Ca B      4.05113m   -9.724    0.0859
NMIR      21.7500m   -3.737 83245.141      H  1      5.83363m  -10.934    0.0053      Ca B      2.62513m   -9.980    0.0476
TFIR      611.250m   -2.467 1549749.0      H  1      5.83363m  -10.520    0.0137      Ca B      2.16551m  -10.198    0.0288
TALL      10000.0A   -1.896 5767759.0      H  1      5.83363m  -10.437    0.0166      Ca B      1.94454m  -10.383    0.0188
F12       12.0000m   -5.571 1219.5616      H  1      5.83363m  -10.511    0.0140      Ca B      1.81740m  -10.544    0.0130
F25       25.0000m   -6.646  102.5889      H  1      5.83363m  -10.702    0.0090      Ca B      1.73620m  -10.686    0.0094
F60       60.0000m   -7.546   12.9383      H  1      5.83363m  -11.006    0.0045      Ca B      1.68064m  -10.814    0.0070
F100      100.000m   -8.608    1.1197      H  1      5.83363m  -11.455    0.0016      Ca B      1.64071m  -10.929    0.0053
MIPS      24.0000m   -6.943   51.7649      H  1      7.38319m  -11.104    0.0036      Ca B      1.61092m  -11.035    0.0042
MIPS      70.0000m   -8.290    2.3284      H  1      7.38319m  -10.691    0.0092      Ca B      1.58804m  -11.133    0.0033
MIPS      160.000m   -9.419    0.1730      H  1      7.38319m  -10.607    0.0112      Ca B      1.57006m  -11.223    0.0027
IRAC      3.60000m   -4.930 5343.0127      H  1      7.38319m  -10.674    0.0096      Ca B      1.55563m  -11.308    0.0022
IRAC      4.50000m   -5.084 3745.4792      H  1      7.38319m  -10.845    0.0065      Ca B      1.54388m  -11.387    0.0019
IRAC      5.80000m   -5.250 2556.6816      H  1      7.38319m  -11.103    0.0036      Ca B      1.53417m  -11.461    0.0016
IRAC      8.00000m   -5.389 1856.4059      H  1      7.38319m  -11.458    0.0016      Ca B      1.52604m  -11.532    0.0013
SPR1      250.000m   -6.816   69.4538      H  1      9.11505m  -11.254    0.0025      Ca B      1.51917m  -11.598    0.0011
SPR2      350.000m   -4.938 5246.2593      H  1      9.11505m  -10.842    0.0065      Ca B      7.45777m  -10.214    0.0278
SPR3      500.000m   -3.572 121635.02      H  1      9.11505m  -10.758    0.0079      Ca B      4.65247m  -10.420    0.0173
PAC1      70.0000m   -8.230    2.6733      H  1      9.11505m  -10.820    0.0069      Ca B      3.73951m  -10.606    0.0113
PAC2      100.000m   -8.621    1.0879      H  1      9.11505m  -10.978    0.0048      Ca B      3.29607m  -10.768    0.0077
PAC3      160.000m   -9.090    0.3692      H  1      9.11505m  -11.209    0.0028      Ca B      3.03835m  -10.912    0.0056
PAH       3.30000m   -5.741  825.2979      H  1      9.11505m  -11.511    0.0014      Ca B      2.87219m  -11.041    0.0041
PAHC      3.23000m   -6.018  436.2312      H  1      11.0292m  -10.254    0.0253      Ca B      2.75749m  -11.158    0.0032
PAHC      3.37000m   -6.066  390.3420      H  1      13.1257m  -10.366    0.0196      Ca B      2.67438m  -11.264    0.0025
PAH       6.20000m   -5.813  698.8652      H  1      15.4044m  -10.469    0.0154      Ca B      2.61191m  -11.363    0.0020
PAHC      5.65000m   -5.697  913.9583      H  1      17.8655m  -10.565    0.0124      Ca B      2.56361m  -11.454    0.0016
PAH       7.90000m   -5.864  621.3674      H  1      20.5089m  -10.654    0.0101      Ca B      2.52538m  -11.539    0.0013
PAHC      6.90000m   -5.670  972.0760      H  1      23.3345m  -10.738    0.0083      Ca B      2.49455m  -11.619    0.0011
PAH       11.3000m   -6.816   69.4559      H  1      26.3425m  -10.816    0.0069      Ca B      12.3684m  -10.627    0.0107
PAHC      10.9000m   -6.753   80.2304      H  1      29.5328m  -10.890    0.0058      Ca B      7.50038m  -10.795    0.0073
PAH       11.8000m   -6.669   97.3537      H  1      32.9053m  -10.960    0.0050      Ca B      5.90655m  -10.956    0.0050
PAHC      12.6500m   -6.768   77.5251      H  1      36.4602m  -11.027    0.0043      Ca B      5.12722m  -11.100    0.0036
PAH       13.3000m   -6.797   72.5302      H  1      40.1974m  -11.090    0.0037      Ca B      4.67119m  -11.230    0.0027
PAHC      14.1000m   -6.899   57.4009      H  1      44.1168m  -11.151    0.0032      Ca B      4.37522m  -11.347    0.0020
Bcon      3640.00A   -4.484 14909.562      H  1      48.2186m  -11.208    0.0028      Ca B      4.16962m  -11.455    0.0016
Pcon      5000.00A   -4.249 25644.395      H  1      52.5027m  -11.264    0.0025      Ca B      4.01974m  -11.554    0.0013
O3bn      5007.00A   -5.819  688.8472      H  1      56.9691m  -10.089    0.0370      Ca B      3.90645m  -11.645    0.0010
HFFc            0    -8.577    1.2027      grains...............................      Ca B      19.0565m  -10.986    0.0047
H FF            0    -8.638    1.0453      H-like iso-sequence..................      Ca B      11.3055m  -11.124    0.0034
ToFF            0    -8.638    1.0453      Cool      1215.67A   -7.812    7.0030      Ca B      8.75760m  -11.265    0.0025
nInu      23.5131c   -7.670    9.7128      Crst      960.000A   -8.007    4.4731      Ca B      7.50599m  -11.394    0.0018
nInu      20.4636c   -7.489   14.7568      LA X      1215.67A  -10.464    0.0156      Ca B      6.77008m  -11.511    0.0014
nInu      6.61064c   -6.028  425.8338      CION            0   -10.517    0.0138      Ca B      6.29014m  -11.619    0.0011
nInu      6.13700c   -5.934  528.9760      Ca B      1215.67A   -7.136   33.2233      Ca B      27.7955m  -11.302    0.0023
nInu      3.55415c   -5.236 2640.8989      Q(H)      4861.33A   -8.319    2.1779      Ca B      16.2045m  -11.418    0.0017
nInu      3.43208c   -5.193 2911.0908      Q(H)      1215.67A   -6.789   73.9378      Ca B      12.3837m  -11.542    0.0013
nInu      3.40000c   -5.181 2997.3628      CaBo      4861.33A   -8.661    0.9917      Ca B      38.8589m  -11.585    0.0012
nInu      2.00329c   -4.515 13894.056      Ca A      1215.67A   -7.320   21.7651      H  1            0    -7.478   15.1091
nFnu      1.33478c  -11.290    0.0023      Ca A      1025.72A   -7.980    4.7592      H  1      1215.67A   -7.175   30.3815
nInu      1.33478c   -4.015 43885.473      Ca A      972.537A   -8.394    1.8332      H  1      1025.72A  -10.547    0.0129
nFnu      9993.08m  -10.981    0.0047      Ca A      949.743A   -8.699    0.9089      H  1      972.537A  -10.877    0.0060
nInu      9993.08m   -3.669 97495.617      Ca A      937.804A   -8.941    0.5204      H  1      949.743A  -11.017    0.0044
nFnu      6917.22m  -10.586    0.0118      Ca A      930.748A   -9.143    0.3270      H  1      937.804A  -11.041    0.0041
nInu      6917.22m   -3.247 257248.95      Ca A      926.226A   -9.316    0.2194      H  1      930.748A  -11.077    0.0038
nFnu      122.400m  -10.274    0.0242      Ca A      923.150A   -9.468    0.1545      H  1      926.226A  -11.097    0.0036
nInu      122.400m   -8.471    1.5372      Ca A      920.963A   -9.604    0.1131      H  1      923.150A  -11.109    0.0035
nFnu      60.8322m  -10.026    0.0428      Ca A      919.351A   -9.727    0.0853      H  1      920.963A  -11.116    0.0035
nInu      60.8322m   -7.563   12.4250      Ca A      918.129A   -9.838    0.0660      H  1      914.039A  -11.654    0.0010
nFnu      41.2152m   -9.873    0.0608      Ca A      917.181A   -9.941    0.0521      H  1      913.826A  -11.585    0.0012
nInu      41.2152m   -7.055   40.0283      Ca A      916.429A  -10.036    0.0418      H  1      913.641A  -11.491    0.0015
nFnu      30.8695m   -9.766    0.0779      Ca A      915.824A  -10.124    0.0341      H  1      913.480A  -11.351    0.0020
nInu      30.8695m   -6.677   95.5350      Ca A      915.329A  -10.207    0.0282      H  1      913.339A  -11.100    0.0036
nFnu      24.7829m   -9.684    0.0940      Ca A      914.919A  -10.284    0.0237      H  1      913.215A   -9.857    0.0632
nInu      24.7829m   -6.391  184.8271      Ca A      914.576A  -10.356    0.0200      H  1      6562.81A   -8.204    2.8434
nFnu      24.2998m   -9.677    0.0956      Ca A      914.286A  -10.424    0.0171      H  1      4861.33A   -8.657    1.0000
nInu      24.2998m   -6.365  196.2550      Ca A      914.039A  -10.488    0.0148      H  1      4340.46A   -8.986    0.4695
nFnu      22.8302m   -9.653    0.1010      Ca A      913.826A  -10.548    0.0129      H  1      4101.73A   -9.244    0.2591
nInu      22.8302m   -6.287  234.9552      Ca A      913.641A  -10.604    0.0113      H  1      3970.07A   -9.453    0.1600
nFnu      21.4199m   -9.631    0.1063      Ca A      913.480A  -10.657    0.0100      H  1      3889.05A   -9.631    0.1063
nInu      21.4199m   -6.204  284.1135      Ca A      913.339A  -10.706    0.0089      H  1      3835.38A   -9.785    0.0746
nFnu      21.1235m   -9.625    0.1077      Ca A      6562.81A   -8.375    1.9158      H  1      3797.89A   -9.920    0.0546
nInu      21.1235m   -6.182  298.6787      Ca A      4861.33A   -8.837    0.6613      H  1      3770.63A   -9.901    0.0571
nFnu      19.6199m   -9.596    0.1152      Ca A      4340.46A   -9.166    0.3101      H  1      3750.15A  -10.003    0.0452
nInu      19.6199m   -6.087  372.1680      Ca A      4101.73A   -9.422    0.1722      H  1      3734.36A  -10.097    0.0364
nFnu      17.6534m   -9.556    0.1264      Ca A      3970.07A   -9.631    0.1062      H  1      3721.93A  -10.183    0.0298
nInu      17.6534m   -5.952  507.4059      Ca A      3889.05A   -9.809    0.0705      H  1      3711.97A  -10.263    0.0248
nFnu      17.3700m   -9.550    0.1281      Ca A      3835.38A   -9.965    0.0493      H  1      3703.85A  -10.337    0.0209
nInu      17.3700m   -5.930  533.4180      Ca A      3797.89A  -10.103    0.0359      H  1      3697.15A  -10.406    0.0179
nFnu      15.6901m   -9.514    0.1391      Ca A      3770.63A  -10.227    0.0269      H  1      3691.55A  -10.469    0.0154
nInu      15.6901m   -5.796  727.2512      Ca A      3750.15A  -10.340    0.0208      H  1      3686.83A  -10.527    0.0135
nFnu      14.6036m   -9.485    0.1488      Ca A      3734.36A  -10.444    0.0164      H  1      3682.80A  -10.579    0.0120
nInu      14.6036m   -5.705  897.1733      Ca A      3721.93A  -10.539    0.0131      H  1      3679.35A  -10.623    0.0108
nFnu      12.4300m   -9.422    0.1719      Ca A      3711.97A  -10.629    0.0107      H  1      3676.36A  -10.656    0.0100
nInu      12.4300m   -5.492 1464.3922      Ca A      3703.85A  -10.712    0.0088      H  1      3673.75A  -10.670    0.0097
nFnu      11.4000m   -9.393    0.1839      Ca A      3697.15A  -10.790    0.0074      H  1      3671.47A  -10.634    0.0105
nInu      11.4000m   -5.379 1899.1617      Ca A      3691.55A  -10.863    0.0062      H  1      3669.46A   -9.885    0.0592
nFnu      10.4600m   -9.355    0.2007      Ca A      3686.83A  -10.933    0.0053      H  1      1.87510m   -9.154    0.3188
nInu      10.4600m   -5.266 2463.0098      Ca A      3682.80A  -10.999    0.0046      H  1      1.28180m   -9.452    0.1605
nFnu      9.48002m   -9.323    0.2160      Ca A      3679.35A  -11.062    0.0039      H  1      1.09380m   -9.704    0.0898
nInu      9.48002m   -5.157 3163.1504      Ca A      3676.36A  -11.122    0.0034      H  1      1.00493m   -9.914    0.0555
nFnu      9.32488m   -9.318    0.2187      Ca A      3673.75A  -11.179    0.0030      H  1      9545.93A  -10.092    0.0368
nInu      9.32488m   -5.141 3287.0037      Ca A      3671.47A  -11.233    0.0027      H  1      9228.97A  -10.247    0.0257
nFnu      8.21035m   -9.264    0.2473      Ca A      1.87510m   -9.152    0.3201      H  1      9014.87A  -10.384    0.0188
nInu      8.21035m   -5.013 4406.9736      Ca A      1.28180m   -9.490    0.1471      H  1      8862.74A  -10.416    0.0174
nFnu      7.58000m   -9.239    0.2621      Ca A      1.09380m   -9.755    0.0798      H  1      8750.43A  -10.518    0.0138
nInu      7.58000m   -4.933 5299.6260      Ca A      1.00493m   -9.972    0.0485      H  1      8664.98A  -10.611    0.0111
nFnu      7.05026m   -9.199    0.2875      Ca A      9545.93A  -10.155    0.0318      H  1      8598.35A  -10.697    0.0091
nInu      7.05026m   -4.860 6268.3750      Ca A      9228.97A  -10.314    0.0220      H  1      8545.34A  -10.777    0.0076
nFnu      4.11370m   -8.982    0.4742      Ca A      9014.87A  -10.455    0.0160      H  1      8502.44A  -10.851    0.0064
nInu      4.11370m   -4.377 19069.115      Ca A      8862.74A  -10.581    0.0119      H  1      8467.21A  -10.919    0.0055
nFnu      2.32440m   -8.799    0.7225      Ca A      8750.43A  -10.695    0.0092      H  1      8437.91A  -10.983    0.0047
nInu      2.32440m   -4.039 41542.262      Ca A      8664.98A  -10.800    0.0072      H  1      8413.28A  -11.041    0.0041
nFnu      1.64313m   -8.650    1.0172      Ca A      8598.35A  -10.897    0.0058      H  1      8392.35A  -11.092    0.0037
nInu      1.64313m   -3.958 50029.066      Ca A      8545.34A  -10.987    0.0047      H  1      8374.43A  -11.137    0.0033
nFnu      1.48022m   -8.634    1.0560      Ca A      8502.44A  -11.071    0.0039      H  1      8358.96A  -11.170    0.0031
nInu      1.48022m   -3.951 50898.762      Ca A      8467.21A  -11.149    0.0032      H  1      8345.51A  -11.184    0.0030
nFnu      1.43649m   -8.434    1.6711      Ca A      8437.91A  -11.224    0.0027      H  1      8333.74A  -11.148    0.0032
nInu      1.43649m   -3.949 51122.125      Ca A      8413.28A  -11.294    0.0023      H  1      8323.38A  -10.399    0.0181
nFnu      1.11867m   -8.411    1.7659      Ca A      8392.35A  -11.360    0.0020      H  1      4.05113m   -9.798    0.0723
nInu      1.11867m   -3.954 50557.391      Ca A      8374.43A  -11.423    0.0017      H  1      2.62513m  -10.020    0.0434
nFnu      8329.68A   -8.370    1.9382      Ca A      8358.96A  -11.484    0.0015      H  1      2.16551m  -10.224    0.0271
nInu      8329.68A   -4.022 43233.906      Ca A      8345.51A  -11.541    0.0013      H  1      1.94454m  -10.402    0.0180
nFnu      8078.61A   -8.014    4.4046      Ca A      8333.74A  -11.597    0.0012      H  1      1.81740m  -10.558    0.0126
nInu      8078.61A   -4.031 42298.465      Ca A      4.05113m   -9.743    0.0821      H  1      1.73620m  -10.696    0.0092
nFnu      6209.66A   -8.064    3.9218      Ca A      2.62513m  -10.005    0.0450      H  1      1.68064m  -10.785    0.0075
nInu      6209.66A   -4.122 34328.805      Ca A      2.16551m  -10.226    0.0270      H  1      1.64071m  -10.887    0.0059
nFnu      4885.36A   -8.067    3.8952      Ca A      1.94454m  -10.413    0.0176      H  1      1.61092m  -10.980    0.0048
nInu      4885.36A   -4.211 27968.410      Ca A      1.81740m  -10.575    0.0121      H  1      1.58804m  -11.066    0.0039
nFnu      3704.34A   -7.970    4.8682      Ca A      1.73620m  -10.718    0.0087      H  1      1.57006m  -11.145    0.0033
nInu      3704.34A   -4.307 22431.307      Ca A      1.68064m  -10.846    0.0065      H  1      1.55563m  -11.219    0.0027
nFnu      3587.67A   -7.311   22.1966      Ca A      1.64071m  -10.962    0.0050      H  1      1.54388m  -11.287    0.0023
nInu      3587.67A   -4.315 22006.740      Ca A      1.61092m  -11.068    0.0039      H  1      1.53417m  -11.351    0.0020
nFnu      2430.05A   -7.562   12.4510      Ca A      1.58804m  -11.166    0.0031      H  1      1.52604m  -11.408    0.0018
nInu      2430.05A   -4.446 16258.901      Ca A      1.57006m  -11.257    0.0025      H  1      1.51917m  -11.460    0.0016
nFnu      2392.03A   -7.560   12.5256      Ca A      1.55563m  -11.341    0.0021      H  1      1.51331m  -11.504    0.0014
nInu      2392.03A   -4.454 15974.701      Ca A      1.54388m  -11.420    0.0017      H  1      1.50827m  -11.537    0.0013
nFnu      2071.34A   -7.503   14.2837      Ca A      1.53417m  -11.495    0.0015      H  1      1.50389m  -11.551    0.0013
nInu      2071.34A   -4.539 13146.049      Ca A      1.52604m  -11.566    0.0012      H  1      1.50008m  -11.515    0.0014
nFnu      2052.68A   -7.497   14.4659      Ca A      1.51917m  -11.633    0.0011      H  1      1.49672m  -10.766    0.0078
nInu      2052.68A   -4.546 12941.847      Ca A      7.45777m  -10.227    0.0269      H  1      7.45777m  -10.314    0.0220
nFnu      1793.44A   -7.418   17.3422      Ca A      4.65247m  -10.435    0.0167      H  1      4.65247m  -10.484    0.0149
nInu      1793.44A   -4.650 10167.554      Ca A      3.73951m  -10.623    0.0108      H  1      3.73951m  -10.653    0.0101
nFnu      1585.12A   -7.356   20.0145      Ca A      3.29607m  -10.787    0.0074      H  1      3.29607m  -10.806    0.0071
nInu      1585.12A   -4.774 7650.1636      Ca A      3.03835m  -10.932    0.0053      H  1      3.03835m  -10.943    0.0052
nFnu      1458.33A   -7.346   20.4963      Ca A      2.87219m  -11.061    0.0039      H  1      2.87219m  -11.074    0.0038
nInu      1458.33A   -4.868 6161.8091      Ca A      2.75749m  -11.178    0.0030      H  1      2.75749m  -11.175    0.0030
nFnu      1356.96A   -7.387   18.6310      Ca A      2.67438m  -11.285    0.0024      H  1      2.67438m  -11.267    0.0025
nInu      1356.96A   -4.958 5001.4141      Ca A      2.61191m  -11.384    0.0019      H  1      2.61191m  -11.353    0.0020
nFnu      1297.29A   -7.500   14.3759      Ca A      2.56361m  -11.475    0.0015      H  1      2.56361m  -11.432    0.0017
nInu      1297.29A   -5.030 4237.6909      Ca A      2.52538m  -11.561    0.0012      H  1      2.52538m  -11.506    0.0014
nFnu      1262.79A   -7.676    9.5880      Ca A      2.49455m  -11.641    0.0010      H  1      2.49455m  -11.574    0.0012
nInu      1262.79A   -5.071 3859.3379      Ca A      12.3684m  -10.638    0.0104      H  1      2.46929m  -11.637    0.0010
nFnu      1218.08A   -7.251   25.5034      Ca A      7.50038m  -10.807    0.0071      H  1      2.37371m  -11.052    0.0040
nInu      1218.08A   -5.121 3435.8982      Ca A      5.90655m  -10.968    0.0049      H  1      12.3684m  -10.748    0.0081
nFnu      1196.33A   -9.568    0.1229      Ca A      5.12722m  -11.113    0.0035      H  1      7.50038m  -10.880    0.0060
nInu      1196.33A   -5.282 2376.1853      Ca A      4.67119m  -11.244    0.0026      H  1      5.90655m  -11.023    0.0043
nFnu      1175.06A  -10.195    0.0290      Ca A      4.37522m  -11.362    0.0020      H  1      5.12722m  -11.156    0.0032
nInu      1175.06A   -5.314 2205.2532      Ca A      4.16962m  -11.470    0.0015      H  1      4.67119m  -11.313    0.0022
nFnu      1143.64A  -10.772    0.0077      Ca A      4.01974m  -11.569    0.0012      H  1      4.37522m  -11.412    0.0018
nInu      1143.64A   -5.385 1871.7042      Ca A      19.0565m  -10.996    0.0046      H  1      4.16962m  -11.504    0.0014
nFnu      1113.22A  -11.101    0.0036      Ca A      11.3055m  -11.134    0.0033      H  1      4.01974m  -11.589    0.0012
nInu      1113.22A   -5.460 1575.8273      Ca A      8.75760m  -11.275    0.0024      H  1      3.48198m  -11.286    0.0024
nFnu      1103.23A  -11.172    0.0031      Ca A      7.50599m  -11.404    0.0018      H  1      19.0565m  -11.123    0.0034
nInu      1103.23A   -5.480 1503.4509      Ca A      6.77008m  -11.523    0.0014      H  1      11.3055m  -11.228    0.0027
nFnu      1073.86A  -11.435    0.0017      Ca A      6.29014m  -11.631    0.0011      H  1      8.75760m  -11.350    0.0020
nInu      1073.86A   -5.583 1187.3710      Ca A      27.7955m  -11.313    0.0022      H  1      7.50599m  -11.517    0.0014
nFnu      1064.34A  -11.523    0.0014      Ca A      16.2045m  -11.427    0.0017      H  1      6.77008m  -11.615    0.0011
nInu      1064.34A   -5.618 1095.7052      Ca A      12.3837m  -11.551    0.0013      H  1      4.84633m  -11.485    0.0015
nInu      1035.92A   -5.742  823.3397      Ca A      38.8589m  -11.596    0.0012      H  1      27.7955m  -11.453    0.0016
nInu      1000.00A   -5.938  523.6457      Ca B      6562.81A   -8.202    2.8512      H  1      16.2045m  -11.538    0.0013
nInu      925.144A   -6.474  152.5977      Ca B      4861.33A   -8.668    0.9766      He-like iso-sequence.................
nFnu      897.800A   -6.692   92.3477      Ca B      4340.46A   -9.000    0.4542      Pho+      3889.00A   -9.728    0.0851
nInu      897.800A   -7.710    8.8610      Ca B      4101.73A   -9.259    0.2505      extra Lyman..........................
nFnu      760.023A   -7.994    4.6058      Ca B      3970.07A   -9.471    0.1537      database lines.......................
nInu      760.023A   -7.301   22.7113      Ca B      3889.05A   -9.651    0.1015      level 1 lines........................
nFnu      701.514A   -8.721    0.8641      Ca B      3835.38A   -9.808    0.0707      recombination........................
nInu      701.514A   -7.165   31.1001      Ca B      3797.89A   -9.947    0.0513      level2 lines.........................
nFnu      608.160A  -10.221    0.0273      Ca B      3770.63A  -10.072    0.0385      hyperfine structure..................
nInu      608.160A   -6.993   46.2017      Ca B      3750.15A  -10.186    0.0296      inner shell..........................
nFnu      575.146A  -10.890    0.0059      Ca B      3734.36A  -10.291    0.0233      molecules............................
nInu      575.146A   -6.947   51.3825      Ca B      3721.93A  -10.387    0.0186      H2 l      2.00000m   -7.995    4.5926
nInu      511.948A   -6.880   59.8572      Ca B      3711.97A  -10.477    0.0152      H2 v            0    -9.687    0.0935
nInu      496.874A   -6.869   61.4578      Ca B      3703.85A  -10.560    0.0125      H-FB            0    -9.260    0.2499
nInu      399.153A   -6.840   65.7108      Ca B      3697.15A  -10.639    0.0104      H-FF            0    -9.461    0.1574
RRC..................................      Ca B      3691.55A  -10.713    0.0088      H-CT      6562.81A   -9.252    0.2542
H  1      911.753A   -7.936    5.2663      Ca B      3686.83A  -10.782    0.0075      H- H            0   -10.321    0.0217
H  1      3645.98A   -8.608    1.1214      Ca B      3682.80A  -10.848    0.0064      H2+             0    -9.567    0.1232
H  1      3645.98A   -8.245    2.5846      Ca B      3679.35A  -10.911    0.0056      blends...............................

                                                    Emergent line intensities
general properties...................      H  1      913.826A  -11.585    0.0012      H  1      1.64071m  -10.887    0.0059
continua.............................      H  1      913.641A  -11.491    0.0015      H  1      1.61092m  -10.980    0.0048
FIR       83.0000m   -4.102 35916.246      H  1      913.480A  -11.351    0.0020      H  1      1.58804m  -11.066    0.0039
TIR       1800.00m   -1.965 4924845.0      H  1      913.339A  -11.100    0.0036      H  1      1.57006m  -11.145    0.0033
NIRa      2.85000m   -3.737 83245.539      H  1      913.215A   -9.857    0.0632      H  1      1.55563m  -11.219    0.0027
NIRb      3.00000m   -3.865 61991.316      H  1      6562.81A   -8.204    2.8434      H  1      1.54388m  -11.287    0.0023
MIRa      15.0000m   -4.906 5638.0195      H  1      4861.33A   -8.657    1.0000      H  1      1.53417m  -11.351    0.0020
MIRb      22.5000m   -4.903 5683.6777      H  1      4340.46A   -8.986    0.4695      H  1      1.52604m  -11.408    0.0018
NMIR      21.7500m   -3.737 83245.539      H  1      4101.73A   -9.244    0.2591      H  1      1.51917m  -11.460    0.0016
TFIR      611.250m   -2.467 1549756.5      H  1      3970.07A   -9.453    0.1600      H  1      1.51331m  -11.504    0.0014
TALL      10000.0A   -1.896 5767749.0      H  1      3889.05A   -9.631    0.1063      H  1      1.50827m  -11.537    0.0013
F12       12.0000m   -5.571 1219.5675      H  1      3835.38A   -9.785    0.0746      H  1      1.50389m  -11.551    0.0013
F25       25.0000m   -6.646  102.5893      H  1      3797.89A   -9.920    0.0546      H  1      1.50008m  -11.515    0.0014
F60       60.0000m   -7.546   12.9384      H  1      3770.63A   -9.901    0.0571      H  1      1.49672m  -10.766    0.0078
F100      100.000m   -8.608    1.1197      H  1      3750.15A  -10.003    0.0452      H  1      7.45777m  -10.314    0.0220
MIPS      24.0000m   -6.943   51.7652      H  1      3734.36A  -10.097    0.0364      H  1      4.65247m  -10.484    0.0149
MIPS      70.0000m   -8.290    2.3284      H  1      3721.93A  -10.183    0.0298      H  1      3.73951m  -10.653    0.0101
MIPS      160.000m   -9.419    0.1730      H  1      3711.97A  -10.263    0.0248      H  1      3.29607m  -10.806    0.0071
IRAC      3.60000m   -4.930 5343.0386      H  1      3703.85A  -10.337    0.0209      H  1      3.03835m  -10.943    0.0052
IRAC      4.50000m   -5.084 3745.4973      H  1      3697.15A  -10.406    0.0179      H  1      2.87219m  -11.074    0.0038
IRAC      5.80000m   -5.250 2556.6941      H  1      3691.55A  -10.469    0.0154      H  1      2.75749m  -11.175    0.0030
IRAC      8.00000m   -5.389 1856.4149      H  1      3686.83A  -10.527    0.0135      H  1      2.67438m  -11.267    0.0025
SPR1      250.000m   -6.816   69.4541      H  1      3682.80A  -10.579    0.0120      H  1      2.61191m  -11.353    0.0020
SPR2      350.000m   -4.938 5246.2847      H  1      3679.35A  -10.623    0.0108      H  1      2.56361m  -11.432    0.0017
SPR3      500.000m   -3.572 121635.62      H  1      3676.36A  -10.656    0.0100      H  1      2.52538m  -11.506    0.0014
PAC1      70.0000m   -8.230    2.6733      H  1      3673.75A  -10.670    0.0097      H  1      2.49455m  -11.574    0.0012
PAC2      100.000m   -8.621    1.0879      H  1      3671.47A  -10.634    0.0105      H  1      2.46929m  -11.637    0.0010
PAC3      160.000m   -9.090    0.3692      H  1      3669.46A   -9.885    0.0592      H  1      2.37371m  -11.052    0.0040
PAH       3.30000m   -5.741  825.3018      H  1      1.87510m   -9.154    0.3188      H  1      12.3684m  -10.748    0.0081
PAHC      3.23000m   -6.018  436.2333      H  1      1.28180m   -9.452    0.1605      H  1      7.50038m  -10.880    0.0060
PAHC      3.37000m   -6.066  390.3439      H  1      1.09380m   -9.704    0.0898      H  1      5.90655m  -11.023    0.0043
PAH       6.20000m   -5.813  698.8685      H  1      1.00493m   -9.914    0.0555      H  1      5.12722m  -11.156    0.0032
PAHC      5.65000m   -5.697  913.9626      H  1      9545.93A  -10.092    0.0368      H  1      4.67119m  -11.313    0.0022
PAH       7.90000m   -5.864  621.3705      H  1      9228.97A  -10.247    0.0257      H  1      4.37522m  -11.412    0.0018
PAHC      6.90000m   -5.670  972.0807      H  1      9014.87A  -10.384    0.0188      H  1      4.16962m  -11.504    0.0014
PAH       11.3000m   -6.816   69.4562      H  1      8862.74A  -10.416    0.0174      H  1      4.01974m  -11.589    0.0012
PAHC      10.9000m   -6.753   80.2308      H  1      8750.43A  -10.518    0.0138      H  1      3.48198m  -11.286    0.0024
PAH       11.8000m   -6.669   97.3541      H  1      8664.98A  -10.611    0.0111      H  1      19.0565m  -11.123    0.0034
PAHC      12.6500m   -6.768   77.5255      H  1      8598.35A  -10.697    0.0091      H  1      11.3055m  -11.228    0.0027
PAH       13.3000m   -6.797   72.5305      H  1      8545.34A  -10.777    0.0076      H  1      8.75760m  -11.350    0.0020
PAHC      14.1000m   -6.899   57.4012      H  1      8502.44A  -10.851    0.0064      H  1      7.50599m  -11.517    0.0014
Bcon      3640.00A   -4.484 14909.611      H  1      8467.21A  -10.919    0.0055      H  1      6.77008m  -11.615    0.0011
Pcon      5000.00A   -4.249 25644.385      H  1      8437.91A  -10.983    0.0047      H  1      4.84633m  -11.485    0.0015
O3bn      5007.00A   -5.819  688.8472      H  1      8413.28A  -11.041    0.0041      H  1      27.7955m  -11.453    0.0016
RRC..................................      H  1      8392.35A  -11.093    0.0037      H  1      16.2045m  -11.538    0.0013
grains...............................      H  1      8374.43A  -11.137    0.0033      He-like iso-sequence.................
H-like iso-sequence..................      H  1      8358.96A  -11.170    0.0031      extra Lyman..........................
H  1      1215.67A   -7.175   30.3817      H  1      8345.51A  -11.184    0.0030      database lines.......................
H  1      1025.72A  -10.547    0.0129      H  1      8333.74A  -11.148    0.0032      level 1 lines........................
H  1      972.537A  -10.877    0.0060      H  1      8323.38A  -10.399    0.0181      recombination........................
H  1      949.743A  -11.017    0.0044      H  1      4.05113m   -9.798    0.0723      level2 lines.........................
H  1      937.804A  -11.041    0.0041      H  1      2.62513m  -10.020    0.0434      hyperfine structure..................
H  1      930.748A  -11.077    0.0038      H  1      2.16551m  -10.224    0.0271      inner shell..........................
H  1      926.226A  -11.097    0.0036      H  1      1.94454m  -10.402    0.0180      molecules............................
H  1      923.150A  -11.109    0.0035      H  1      1.81740m  -10.558    0.0126      blends...............................
H  1      920.963A  -11.116    0.0035      H  1      1.73620m  -10.696    0.0092
H  1      914.039A  -11.654    0.0010      H  1      1.68064m  -10.785    0.0075



 My first Cloudy script
 Cooling:  HFBc            0 :0.096 H  1c           0 :0.588 HFFc            0 :0.062 H2 l      2.00000m:0.235  
 Heating:  BFH1            0 :0.999  

 These are some of the most important databases used by Cloudy:
 Many recombination coefficients were taken from http://amdpp.phys.strath.ac.uk/tamoc/RR/ and http://amdpp.phys.strath.ac.uk/tamoc/DR/
      and are based on the following papers:
        Badnell N. R., et al., A&A 406, 1151 (2003) [http://adsabs.harvard.edu/abs/2003A%26A...406.1151B]
        Badnell N. R., ApJS 167, 334 (2006) [http://adsabs.harvard.edu/abs/2006ApJS..167..334B]
 Much of the molecular emission data is from LAMDA as accessed on June 30, 2015. This database is described in:
        Schoeier F.L., et al., A&A 432, 369 (2005) [http://adsabs.harvard.edu/abs/2005A%26A...432..369S]
      This database is in part based on the work of the following groups:
        JPL: Pickett H. M. et al., JQSRT, 60, 883 (1998). [http://adsabs.harvard.edu/abs/1998JQSRT..60..883P]
        CDMS: Mueller H. S. et al., A&A 370, L49 (2001). [http://adsabs.harvard.edu/abs/2001A%26A...370L..49M]
              Mueller H. S. et al., J. Mol. Struct. 742, 215 (2005). [http://adsabs.harvard.edu/abs/2005JMoSt.742..215M]
 Much of the ionic emission data is from version 7.1.4 of CHIANTI. CHIANTI is a collaborative project involving the NRL (USA), the
      Universities of Florence (Italy) and Cambridge (UK), and George Mason University (USA). These papers describe Chianti:
        Dere K. P., et al., A&AS, 125, 149 (1997) [http://adsabs.harvard.edu/abs/1997A%26AS..125..149D]
        Landi E., et al., ApJ, 744, 99 (2012) [http://adsabs.harvard.edu/abs/2012ApJ...744...99L]
 Much of the H_2 data is from this web site: http://molat.obspm.fr/index.php?page=pages/Molecules/H2/H2can94.php. These data are
      described in:
        Abgrall H. et al., Can. J. Phys., 72, 856 (1994) [http://adsabs.harvard.edu/abs/1994CaJPh..72..856A]
        Wrathmall S. A. & Flower D. R., J. Phys. B, 40, 3221 (2007) [http://adsabs.harvard.edu/abs/2007JPhB...40.3221W]

 If you find some process or data set to be particularly critical to a result, please follow the trail of references back to the
 original source and cite that.  This will support and encourage atomic, molecular, and chemical physicists to continue their
 valuable work.

 IONIZE PARMET:  U(1-) -6.5787  U(4-): -7.3912  U(sp): -6.58  Q(ion):    3.691  L(ion) -5.442    Q(low): 13.090    L(low) -1.894
 ENERGY BUDGET:  Heat:  -7.367  Coolg:  -7.367  Error:  0.1%  Rec Lin:  -7.478  F-F  H  0.000    P(rad/tot)max     2.81E-06    R(F Con):1.737e+05

     Col(Heff):      2.416E+16  snd travl time  4.92E+11 sec  Te-low: 1.79E+03  Te-hi: 8.41E+03  G0TH85: 6.26E-03  G0DB96:7.41E-04
  Emiss Measure    n(e)n(p) dl       1.083E+16  n(e)n(He+)dl         0.000E+00  En(e)n(He++) dl         0.000E+00  ne nC+:0.00E+00
 He/Ha:0.00E+00  =   0.00*true  Lthin:1.10E+07  itr/zn: 7.45  H2 itr/zn:  0.00  File Opacity: F  MassTot 1.27e-06  (gm/cm^2)
   Temps(21 cm)   T(21cm/Ly a)  5.33E+03        T(<nH/Tkin>)  7.27E+03          T(<nH/Tspin>)    6.22E+03          TB21cm:1.37E-02
                   N(H0/Tspin)  7.29E+13        N(OH/Tkin)    0.00E+00          B(21cm)          0.00E+00
   <a>:4.82E-12  erdeFe3.7E+30  Tcompt5.53E+11  Tthr5.32E+13  <Tden>: 7.86E+03  <dens>:2.11E-24  <MolWgt>8.97E-01
     Mean Jeans  l(cm)3.89E+21  M(sun)3.27E+07  smallest:     len(cm):1.85E+21  M(sun):3.54E+06  a_ox tran: -1.83
 Rion:1.000E+18  Dist:0.00E+00  Diam:0.000E+00
 Hatom level 70  HatomType: add  HInducImp  F  He tot level: 63  He2 level:   70  ExecTime     7.2
 ConvrgError(%)  <eden>  0.049  MaxEden  0.113  <H-C>   0.16  Max(H-C)    0.40  <Press>   0.000  MaxPrs er  0.000
  Continuity(%)  chng Te 313.8  elec den  69.4  n(H2)    0.0  n(CO)        0.0

                                                        Averaged Quantities
             Te      Te(Ne)   Te(NeNp)  Te(NeHe+)Te(NeHe2+) Te(NeO+)  Te(NeO2+)  Te(H2)     N(H)     Ne(O2+)   Ne(Np)
 Radius:  7.86e+03  8.02e+03  8.11e+03  0.00e+00  0.00e+00  0.00e+00  0.00e+00  4.54e+03  1.26e+00  0.00e+00  1.68e-01
   Area:  7.81e+03  7.99e+03  8.09e+03  0.00e+00  0.00e+00  0.00e+00  0.00e+00  4.36e+03  1.26e+00  0.00e+00  1.64e-01
 Volume:  7.76e+03  7.96e+03  8.07e+03  0.00e+00  0.00e+00  0.00e+00  0.00e+00  4.20e+03  1.26e+00  0.00e+00  1.60e-01
 
 Peimbert T(OIIIr)0.00E+00 T(Bac)7.76E+03 T(Hth)7.55E+03 t2(Hstrc) 3.78e-03 T(O3-BAC)5.93E+03 t2(O3-BC)-1.61e-01 t2(O3str) 0.00e+00

 Contin Optical Depths: COMP: 4.29e-08    H-: 8.78e-07 R(1300): 3.04e-06  H2+: 6.21e-08  Bra:4.29E-08
                          Pa: 4.29e-08    Ba: 8.84e-07      Hb: 6.79e-07   La: 7.49e-03     1r:2.878E+00  1.8:5.60E-01 4.:5.557E-02

 Old, new H  1 continuum optical depths:
     1 2.88e+00     2 4.67e-07     3 9.13e-07     4 9.13e-07     5 9.13e-07     6 2.29e-07     7 2.29e-07     8 2.29e-07
     9 2.29e-07    10 3.02e-20    11 3.02e-20    12 3.02e-20    13 3.02e-20    14 3.02e-20    15 7.03e-20    16 7.03e-20
    17 7.03e-20    18 7.03e-20    19 7.03e-20    20 7.03e-20    21 1.44e-19    22 1.44e-19    23 1.44e-19    24 1.44e-19
    25 1.44e-19    26 1.44e-19    27 1.44e-19    28 2.73e-19    29 2.73e-19    30 2.73e-19    31 2.73e-19    32 2.73e-19
    33 2.73e-19    34 2.73e-19    35 2.73e-19    36 4.83e-19    37 4.83e-19    38 4.83e-19    39 4.83e-19    40 4.83e-19
    41 4.83e-19    42 4.83e-19    43 4.83e-19    44 4.83e-19    45 8.07e-19    46 8.07e-19    47 8.07e-19    48 8.07e-19
    49 8.07e-19    50 8.07e-19    51 8.07e-19    52 8.07e-19    53 8.07e-19    54 8.07e-19
     1 2.88e+00     2 4.67e-07     3 9.13e-07     4 9.13e-07     5 9.13e-07     6 2.29e-07     7 2.29e-07     8 2.29e-07
     9 2.29e-07    10 3.02e-20    11 3.02e-20    12 3.02e-20    13 3.02e-20    14 3.02e-20    15 7.03e-20    16 7.03e-20
    17 7.03e-20    18 7.03e-20    19 7.03e-20    20 7.03e-20    21 1.44e-19    22 1.44e-19    23 1.44e-19    24 1.44e-19
    25 1.44e-19    26 1.44e-19    27 1.44e-19    28 2.73e-19    29 2.73e-19    30 2.73e-19    31 2.73e-19    32 2.73e-19
    33 2.73e-19    34 2.73e-19    35 2.73e-19    36 4.83e-19    37 4.83e-19    38 4.83e-19    39 4.83e-19    40 4.83e-19
    41 4.83e-19    42 4.83e-19    43 4.83e-19    44 4.83e-19    45 8.07e-19    46 8.07e-19    47 8.07e-19    48 8.07e-19
    49 8.07e-19    50 8.07e-19    51 8.07e-19    52 8.07e-19    53 8.07e-19    54 8.07e-19

 Old, new H  1 mean line optical depths:
  2- 1 5.47e+04  3- 2 1.23e-10  4- 3 1.02e-16  5- 4 1.13e-16  6- 5 1.68e-16  7- 6 3.34e-16  8- 7 6.55e-16
  9- 8 1.19e-15 10- 9 2.00e-15 11-10 9.90e-15 12-11 0.00e+00 13-12 0.00e+00 14-13 0.00e+00 15-14 0.00e+00 16-15 0.00e+00
 17-16 0.00e+00 18-17 0.00e+00 19-18 0.00e+00 20-19 0.00e+00 21-20 0.00e+00 22-21 0.00e+00 23-22 0.00e+00 24-23 0.00e+00
 25-24 0.00e+00
  2- 1 5.47e+04  3- 2 1.23e-10  4- 3 1.02e-16  5- 4 1.13e-16  6- 5 1.68e-16  7- 6 3.34e-16  8- 7 6.55e-16
  9- 8 1.19e-15 10- 9 2.00e-15 11-10 9.90e-15 12-11 0.00e+00 13-12 0.00e+00 14-13 0.00e+00 15-14 0.00e+00 16-15 0.00e+00
 17-16 0.00e+00 18-17 0.00e+00 19-18 0.00e+00 20-19 0.00e+00 21-20 0.00e+00 22-21 0.00e+00 23-22 0.00e+00 24-23 0.00e+00
 25-24 0.00e+00

==== H      compounds ====           Log10 column densities [cm^-2]
   H2        : 13.297   H2*       :  8.201   H2+       :  9.948   H3+       :  5.346


               1      2      3      4      5      6      7      8      9     10     11     12     13     14     15     16     17

 Hydrogen   17.657 16.809 13.297 (H2)                Log10 Column density (cm^-2)
 Exc state        He[2]-35.930       C+[2]-35.930        C[1]-35.930        C[2]-35.930        C[3]-35.930        O[1]-35.930
                   O[2]-35.930        O[3]-35.930      Si+[1]-35.930      C+2[2]-35.930      C+2[3]-35.930      C+2[4]-35.930


 Hydrogen   -0.054 -0.929 -4.027 (H2)                 Log10 Mean Ionisation (over volume)

               1      2      3      4      5      6      7      8      9     10     11     12     13     14     15     16     17

 Hydrogen   -0.056 -0.917 -4.071 (H2)                 Log10 Mean Ionisation (over area)

               1      2      3      4      5      6      7      8      9     10     11     12     13     14     15     16     17

 Hydrogen   -0.058 -0.905 -4.116 (H2)                 Log10 Mean Ionisation (over radius)

               1      2      3      4      5      6      7      8      9     10     11     12     13     14     15     16     17

 Hydrogen   -0.059 -0.895 -4.255 (H2)         Log10 Mean Ionisation (over volume*electron density)

               1      2      3      4      5      6      7      8      9     10     11     12     13     14     15     16     17

 Hydrogen   -0.061 -0.885 -4.295 (H2)         Log10 Mean Ionisation (over area*electron density)

               1      2      3      4      5      6      7      8      9     10     11     12     13     14     15     16     17

 Hydrogen   -0.062 -0.875 -4.335 (H2)         Log10 Mean Ionisation (over radius*electron density)

               1      2      3      4      5      6      7      8      9     10     11     12     13     14     15     16     17

 Hydrogen    3.888  3.901  3.623 (H2)                  Log10 Mean Temperature (over volume)

               1      2      3      4      5      6      7      8      9     10     11     12     13     14     15     16     17

 Hydrogen    3.891  3.903  3.640 (H2)                  Log10 Mean Temperature (over area)

               1      2      3      4      5      6      7      8      9     10     11     12     13     14     15     16     17

 Hydrogen    3.894  3.904  3.657 (H2)                  Log10 Mean Temperature (over radius)

               1      2      3      4      5      6      7      8      9     10     11     12     13     14     15     16     17

 Hydrogen    3.900  3.907  3.741 (H2)          Log10 Mean Temperature (over volume*electron density)

               1      2      3      4      5      6      7      8      9     10     11     12     13     14     15     16     17

 Hydrogen    3.902  3.908  3.757 (H2)          Log10 Mean Temperature (over area*electron density)

               1      2      3      4      5      6      7      8      9     10     11     12     13     14     15     16     17

 Hydrogen    3.904  3.909  3.772 (H2)          Log10 Mean Temperature (over radius*electron density)

               1      2      3      4      5      6      7      8      9     10     11     12     13     14     15     16     17
My first Cloudy script

---------------Convergence statistics---------------
      1.44 mean iterations/state convergence
      1.95 mean cx acceleration loops/iteration
      1.42 mean iso convergence loops/ion solve
         1 mean steps/chemistry solve
         1 mean step length searches/chemistry step
----------------------------------------------------

 Cloudy ends: 31 zones, 3 iterations, 4 cautions. (single thread) ExecTime(s) 7.17
 [Stop in cdMain at maincl.cpp:517, Cloudy exited OK]
